<?xml version="1.0" encoding="utf-8"?>
<TestRun id="544a3c43-c381-4957-babc-5bf6031a2c53" name="mateus@DESKTOP-E2CJ3TF 2023-06-08 17:13:28" runUser="DESKTOP-E2CJ3TF\mateus" xmlns="http://microsoft.com/schemas/VisualStudio/TeamTest/2010">
  <Times creation="2023-06-08T17:13:28.1316501-03:00" queuing="2023-06-08T17:13:28.1316502-03:00" start="2023-06-08T17:13:26.9864992-03:00" finish="2023-06-08T17:13:28.2022365-03:00" />
  <TestSettings name="default" id="1258beac-bad6-4fca-be2f-a34dcaa7cf2b">
    <Deployment runDeploymentRoot="mateus_DESKTOP-E2CJ3TF_2023-06-08_17_13_28" />
  </TestSettings>
  <Results>
    <UnitTestResult executionId="28816486-6197-4edd-b5e2-85fe0598624f" testId="8732fa65-7b82-ef37-9c46-1e0ba2a3cf0b" testName="CarrinhoDeCompra.CarrinhoDeCompraProcessorTest.Should_Return_Peso_Total_Correto(itens: [Item { Nome = &quot;Item 151&quot;, Peso = 15, Tipo = &quot;A&quot;, Valor = 1 }, Item { Nome = &quot;Item 152&quot;, Peso = 15, Tipo = &quot;B&quot;, Valor = 1 }, Item { Nome = &quot;Item 153&quot;, Peso = 15, Tipo = &quot;C&quot;, Valor = 1 }, Item { Nome = &quot;Item 154&quot;, Peso = 15, Tipo = &quot;D&quot;, Valor = 1 }], valorProduto: 4, pesoTotal: 60, valorFrete: 420, desconto: 0, valorTotal: 424)" computerName="DESKTOP-E2CJ3TF" duration="00:00:00.0000022" startTime="2023-06-08T17:13:28.0994082-03:00" endTime="2023-06-08T17:13:28.0994082-03:00" testType="13cdc9d9-ddb5-4fa4-a97d-d965ccfc6d4b" outcome="Passed" testListId="8c84fa94-04c1-424b-9868-57a2d4851a1d" relativeResultsDirectory="28816486-6197-4edd-b5e2-85fe0598624f" />
    <UnitTestResult executionId="c7d06e5a-e2f1-47ad-bacc-90bf52ef1569" testId="72f32c27-98cb-c69e-3166-0cc4c145cb0c" testName="CarrinhoDeCompra.CarrinhoDeCompraProcessorTest.Should_Return_Frete_Correto(itens: [Item { Nome = &quot;Item 63&quot;, Peso = 2, Tipo = &quot;A&quot;, Valor = 1 }, Item { Nome = &quot;Item 64&quot;, Peso = 2, Tipo = &quot;B&quot;, Valor = 1 }, Item { Nome = &quot;Item 65&quot;, Peso = 2, Tipo = &quot;B&quot;, Valor = 1 }, Item { Nome = &quot;Item 66&quot;, Peso = 2, Tipo = &quot;B&quot;, Valor = 1 }], valorProduto: 4, pesoTotal: 8, valorFrete: 16, desconto: 0,8, valorTotal: 19,2)" computerName="DESKTOP-E2CJ3TF" duration="00:00:00.0000032" startTime="2023-06-08T17:13:28.1028537-03:00" endTime="2023-06-08T17:13:28.1028538-03:00" testType="13cdc9d9-ddb5-4fa4-a97d-d965ccfc6d4b" outcome="Passed" testListId="8c84fa94-04c1-424b-9868-57a2d4851a1d" relativeResultsDirectory="c7d06e5a-e2f1-47ad-bacc-90bf52ef1569" />
    <UnitTestResult executionId="12cdf061-02ad-4de7-946e-b94c888063f8" testId="efc8d863-29fd-7110-8abe-33440aad1c80" testName="CarrinhoDeCompra.CarrinhoDeCompraProcessorTest.Should_Return_Valor_Total_Correto(itens: [Item { Nome = &quot;Item 139&quot;, Peso = 5, Tipo = &quot;A&quot;, Valor = 1 }, Item { Nome = &quot;Item 140&quot;, Peso = 5, Tipo = &quot;B&quot;, Valor = 1 }, Item { Nome = &quot;Item 141&quot;, Peso = 5, Tipo = &quot;C&quot;, Valor = 1 }, Item { Nome = &quot;Item 142&quot;, Peso = 5, Tipo = &quot;D&quot;, Valor = 1 }, Item { Nome = &quot;Item 143&quot;, Peso = 5, Tipo = &quot;E&quot;, Valor = 1 }, ...], valorProduto: 6, pesoTotal: 30, valorFrete: 130, desconto: 0, valorTotal: 136)" computerName="DESKTOP-E2CJ3TF" duration="00:00:00.0000060" startTime="2023-06-08T17:13:28.0969825-03:00" endTime="2023-06-08T17:13:28.0969826-03:00" testType="13cdc9d9-ddb5-4fa4-a97d-d965ccfc6d4b" outcome="Passed" testListId="8c84fa94-04c1-424b-9868-57a2d4851a1d" relativeResultsDirectory="12cdf061-02ad-4de7-946e-b94c888063f8" />
    <UnitTestResult executionId="25ab09ba-8f89-49b1-becb-369c9528b853" testId="8732fa65-7b82-ef37-9c46-1e0ba2a3cf0b" testName="CarrinhoDeCompra.CarrinhoDeCompraProcessorTest.Should_Return_Peso_Total_Correto(itens: [Item { Nome = &quot;Item 135&quot;, Peso = 5, Tipo = &quot;A&quot;, Valor = 1 }, Item { Nome = &quot;Item 136&quot;, Peso = 5, Tipo = &quot;B&quot;, Valor = 1 }, Item { Nome = &quot;Item 137&quot;, Peso = 5, Tipo = &quot;B&quot;, Valor = 1 }, Item { Nome = &quot;Item 138&quot;, Peso = 5, Tipo = &quot;B&quot;, Valor = 1 }], valorProduto: 4, pesoTotal: 20, valorFrete: 80, desconto: 4, valorTotal: 80)" computerName="DESKTOP-E2CJ3TF" duration="00:00:00.0000023" startTime="2023-06-08T17:13:28.0991654-03:00" endTime="2023-06-08T17:13:28.0991655-03:00" testType="13cdc9d9-ddb5-4fa4-a97d-d965ccfc6d4b" outcome="Passed" testListId="8c84fa94-04c1-424b-9868-57a2d4851a1d" relativeResultsDirectory="25ab09ba-8f89-49b1-becb-369c9528b853" />
    <UnitTestResult executionId="9fecacef-5913-478a-82d2-dcac68a751b0" testId="72f32c27-98cb-c69e-3166-0cc4c145cb0c" testName="CarrinhoDeCompra.CarrinhoDeCompraProcessorTest.Should_Return_Frete_Correto(itens: [Item { Nome = &quot;Item 67&quot;, Peso = 2, Tipo = &quot;B&quot;, Valor = 1 }, Item { Nome = &quot;Item 68&quot;, Peso = 2, Tipo = &quot;B&quot;, Valor = 1 }, Item { Nome = &quot;Item 69&quot;, Peso = 2, Tipo = &quot;B&quot;, Valor = 1 }, Item { Nome = &quot;Item 70&quot;, Peso = 2, Tipo = &quot;B&quot;, Valor = 1 }], valorProduto: 4, pesoTotal: 8, valorFrete: 16, desconto: 0,8, valorTotal: 19,2)" computerName="DESKTOP-E2CJ3TF" duration="00:00:00.0000032" startTime="2023-06-08T17:13:28.1028648-03:00" endTime="2023-06-08T17:13:28.1028648-03:00" testType="13cdc9d9-ddb5-4fa4-a97d-d965ccfc6d4b" outcome="Passed" testListId="8c84fa94-04c1-424b-9868-57a2d4851a1d" relativeResultsDirectory="9fecacef-5913-478a-82d2-dcac68a751b0" />
    <UnitTestResult executionId="2849ae5b-090f-4363-acfc-59f7539ef0fa" testId="76f5d4e5-da83-67e0-22d7-438f07f5e637" testName="CarrinhoDeCompra.CarrinhoDeCompraProcessorTest.Should_Return_Valor_Produtos_Correto(itens: [Item { Nome = &quot;Item 155&quot;, Peso = 15, Tipo = &quot;A&quot;, Valor = 1 }, Item { Nome = &quot;Item 156&quot;, Peso = 15, Tipo = &quot;B&quot;, Valor = 1 }, Item { Nome = &quot;Item 157&quot;, Peso = 15, Tipo = &quot;B&quot;, Valor = 1 }, Item { Nome = &quot;Item 158&quot;, Peso = 15, Tipo = &quot;B&quot;, Valor = 1 }], valorProduto: 4, pesoTotal: 60, valorFrete: 420, desconto: 21, valorTotal: 403)" computerName="DESKTOP-E2CJ3TF" duration="00:00:00.0000022" startTime="2023-06-08T17:13:28.1022046-03:00" endTime="2023-06-08T17:13:28.1022046-03:00" testType="13cdc9d9-ddb5-4fa4-a97d-d965ccfc6d4b" outcome="Passed" testListId="8c84fa94-04c1-424b-9868-57a2d4851a1d" relativeResultsDirectory="2849ae5b-090f-4363-acfc-59f7539ef0fa" />
    <UnitTestResult executionId="97ff3994-6834-4723-8c5c-91851c78b044" testId="efc8d863-29fd-7110-8abe-33440aad1c80" testName="CarrinhoDeCompra.CarrinhoDeCompraProcessorTest.Should_Return_Valor_Total_Correto(itens: [Item { Nome = &quot;Item 27&quot;, Peso = 0,5, Tipo = &quot;A&quot;, Valor = 1 }, Item { Nome = &quot;Item 28&quot;, Peso = 0,5, Tipo = &quot;B&quot;, Valor = 1 }, Item { Nome = &quot;Item 29&quot;, Peso = 0,5, Tipo = &quot;C&quot;, Valor = 1 }, Item { Nome = &quot;Item 30&quot;, Peso = 0,5, Tipo = &quot;D&quot;, Valor = 1 }], valorProduto: 4, pesoTotal: 2, valorFrete: 0, desconto: 0, valorTotal: 4)" computerName="DESKTOP-E2CJ3TF" duration="00:00:00.0000053" startTime="2023-06-08T17:13:28.0663115-03:00" endTime="2023-06-08T17:13:28.0663116-03:00" testType="13cdc9d9-ddb5-4fa4-a97d-d965ccfc6d4b" outcome="Passed" testListId="8c84fa94-04c1-424b-9868-57a2d4851a1d" relativeResultsDirectory="97ff3994-6834-4723-8c5c-91851c78b044" />
    <UnitTestResult executionId="6483c1cb-e4b7-4e15-a2b0-0091318c842d" testId="72f32c27-98cb-c69e-3166-0cc4c145cb0c" testName="CarrinhoDeCompra.CarrinhoDeCompraProcessorTest.Should_Return_Frete_Correto(itens: [Item { Nome = &quot;Item 159&quot;, Peso = 15, Tipo = &quot;A&quot;, Valor = 1 }, Item { Nome = &quot;Item 160&quot;, Peso = 15, Tipo = &quot;B&quot;, Valor = 1 }, Item { Nome = &quot;Item 161&quot;, Peso = 15, Tipo = &quot;C&quot;, Valor = 1 }, Item { Nome = &quot;Item 162&quot;, Peso = 15, Tipo = &quot;D&quot;, Valor = 1 }, Item { Nome = &quot;Item 163&quot;, Peso = 15, Tipo = &quot;E&quot;, Valor = 1 }, ...], valorProduto: 6, pesoTotal: 90, valorFrete: 640, desconto: 0, valorTotal: 646)" computerName="DESKTOP-E2CJ3TF" duration="00:00:00.0000031" startTime="2023-06-08T17:13:28.1035961-03:00" endTime="2023-06-08T17:13:28.1035962-03:00" testType="13cdc9d9-ddb5-4fa4-a97d-d965ccfc6d4b" outcome="Passed" testListId="8c84fa94-04c1-424b-9868-57a2d4851a1d" relativeResultsDirectory="6483c1cb-e4b7-4e15-a2b0-0091318c842d" />
    <UnitTestResult executionId="c1a901ae-5ad1-41a6-a1c4-8c200932785a" testId="7124069c-4216-6c7a-6631-cac658853dff" testName="CarrinhoDeCompra.CarrinhoDeCompraProcessorTest.Should_Return_Valor_Desconto_Correto(itens: [Item { Nome = &quot;Item 95&quot;, Peso = 0,25, Tipo = &quot;A&quot;, Valor = 1 }, Item { Nome = &quot;Item 96&quot;, Peso = 0,25, Tipo = &quot;B&quot;, Valor = 1 }, Item { Nome = &quot;Item 97&quot;, Peso = 0,25, Tipo = &quot;C&quot;, Valor = 1 }, Item { Nome = &quot;Item 98&quot;, Peso = 0,25, Tipo = &quot;D&quot;, Valor = 1 }], valorProduto: 4, pesoTotal: 1, valorFrete: 0, desconto: 0, valorTotal: 4)" computerName="DESKTOP-E2CJ3TF" duration="00:00:00.0000049" startTime="2023-06-08T17:13:28.1003530-03:00" endTime="2023-06-08T17:13:28.1003531-03:00" testType="13cdc9d9-ddb5-4fa4-a97d-d965ccfc6d4b" outcome="Passed" testListId="8c84fa94-04c1-424b-9868-57a2d4851a1d" relativeResultsDirectory="c1a901ae-5ad1-41a6-a1c4-8c200932785a" />
    <UnitTestResult executionId="b4ab92a3-7dd4-49b6-ac37-7b187501aca1" testId="8732fa65-7b82-ef37-9c46-1e0ba2a3cf0b" testName="CarrinhoDeCompra.CarrinhoDeCompraProcessorTest.Should_Return_Peso_Total_Correto(itens: [Item { Nome = &quot;Item 111&quot;, Peso = 2, Tipo = &quot;A&quot;, Valor = 1 }, Item { Nome = &quot;Item 112&quot;, Peso = 2, Tipo = &quot;B&quot;, Valor = 1 }, Item { Nome = &quot;Item 113&quot;, Peso = 2, Tipo = &quot;C&quot;, Valor = 1 }, Item { Nome = &quot;Item 114&quot;, Peso = 2, Tipo = &quot;D&quot;, Valor = 1 }], valorProduto: 4, pesoTotal: 8, valorFrete: 16, desconto: 0, valorTotal: 20)" computerName="DESKTOP-E2CJ3TF" duration="00:00:00.0000022" startTime="2023-06-08T17:13:28.0990785-03:00" endTime="2023-06-08T17:13:28.0990786-03:00" testType="13cdc9d9-ddb5-4fa4-a97d-d965ccfc6d4b" outcome="Passed" testListId="8c84fa94-04c1-424b-9868-57a2d4851a1d" relativeResultsDirectory="b4ab92a3-7dd4-49b6-ac37-7b187501aca1" />
    <UnitTestResult executionId="b22b973d-b572-4e79-9c3a-e9d34d1fb05b" testId="76f5d4e5-da83-67e0-22d7-438f07f5e637" testName="CarrinhoDeCompra.CarrinhoDeCompraProcessorTest.Should_Return_Valor_Produtos_Correto(itens: [Item { Nome = &quot;Item 51&quot;, Peso = 12,5, Tipo = &quot;A&quot;, Valor = 1 }, Item { Nome = &quot;Item 52&quot;, Peso = 12,5, Tipo = &quot;B&quot;, Valor = 1 }, Item { Nome = &quot;Item 53&quot;, Peso = 12,5, Tipo = &quot;C&quot;, Valor = 1 }, Item { Nome = &quot;Item 54&quot;, Peso = 12,5, Tipo = &quot;D&quot;, Valor = 1 }], valorProduto: 4, pesoTotal: 50, valorFrete: 200, desconto: 0, valorTotal: 204)" computerName="DESKTOP-E2CJ3TF" duration="00:00:00.0000020" startTime="2023-06-08T17:13:28.1014170-03:00" endTime="2023-06-08T17:13:28.1014170-03:00" testType="13cdc9d9-ddb5-4fa4-a97d-d965ccfc6d4b" outcome="Passed" testListId="8c84fa94-04c1-424b-9868-57a2d4851a1d" relativeResultsDirectory="b22b973d-b572-4e79-9c3a-e9d34d1fb05b" />
    <UnitTestResult executionId="550a07da-ccfd-4ef0-9c1c-cc155e90e124" testId="8732fa65-7b82-ef37-9c46-1e0ba2a3cf0b" testName="CarrinhoDeCompra.CarrinhoDeCompraProcessorTest.Should_Return_Peso_Total_Correto(itens: [Item { Nome = &quot;Item 83&quot;, Peso = 2, Tipo = &quot;A&quot;, Valor = 250 }, Item { Nome = &quot;Item 84&quot;, Peso = 2, Tipo = &quot;B&quot;, Valor = 250 }, Item { Nome = &quot;Item 85&quot;, Peso = 2, Tipo = &quot;C&quot;, Valor = 250 }, Item { Nome = &quot;Item 86&quot;, Peso = 2, Tipo = &quot;D&quot;, Valor = 249,9 }], valorProduto: 999,9, pesoTotal: 8, valorFrete: 16, desconto: 99,99, valorTotal: 915,91)" computerName="DESKTOP-E2CJ3TF" duration="00:00:00.0000022" startTime="2023-06-08T17:13:28.0987538-03:00" endTime="2023-06-08T17:13:28.0987539-03:00" testType="13cdc9d9-ddb5-4fa4-a97d-d965ccfc6d4b" outcome="Passed" testListId="8c84fa94-04c1-424b-9868-57a2d4851a1d" relativeResultsDirectory="550a07da-ccfd-4ef0-9c1c-cc155e90e124" />
    <UnitTestResult executionId="12540453-725b-4bc5-8205-db24348ff007" testId="72f32c27-98cb-c69e-3166-0cc4c145cb0c" testName="CarrinhoDeCompra.CarrinhoDeCompraProcessorTest.Should_Return_Frete_Correto(itens: [Item { Nome = &quot;Item 43&quot;, Peso = 2,5, Tipo = &quot;A&quot;, Valor = 1 }, Item { Nome = &quot;Item 44&quot;, Peso = 2,5, Tipo = &quot;B&quot;, Valor = 1 }, Item { Nome = &quot;Item 45&quot;, Peso = 2,5, Tipo = &quot;C&quot;, Valor = 1 }, Item { Nome = &quot;Item 46&quot;, Peso = 2,6, Tipo = &quot;D&quot;, Valor = 1 }], valorProduto: 4, pesoTotal: 10,1, valorFrete: 40,4, desconto: 0, valorTotal: 44,4)" computerName="DESKTOP-E2CJ3TF" duration="00:00:00.0000034" startTime="2023-06-08T17:13:28.1025918-03:00" endTime="2023-06-08T17:13:28.1025919-03:00" testType="13cdc9d9-ddb5-4fa4-a97d-d965ccfc6d4b" outcome="Passed" testListId="8c84fa94-04c1-424b-9868-57a2d4851a1d" relativeResultsDirectory="12540453-725b-4bc5-8205-db24348ff007" />
    <UnitTestResult executionId="5774ca9e-915b-4550-9254-a9f177aeb9b9" testId="76f5d4e5-da83-67e0-22d7-438f07f5e637" testName="CarrinhoDeCompra.CarrinhoDeCompraProcessorTest.Should_Return_Valor_Produtos_Correto(itens: [Item { Nome = &quot;Item 125&quot;, Peso = 2, Tipo = &quot;A&quot;, Valor = 1 }, Item { Nome = &quot;Item 126&quot;, Peso = 2, Tipo = &quot;A&quot;, Valor = 1 }, Item { Nome = &quot;Item 127&quot;, Peso = 2, Tipo = &quot;A&quot;, Valor = 1 }, Item { Nome = &quot;Item 128&quot;, Peso = 2, Tipo = &quot;D&quot;, Valor = 1 }, Item { Nome = &quot;Item 129&quot;, Peso = 2, Tipo = &quot;E&quot;, Valor = 1 }, ...], valorProduto: 6, pesoTotal: 12, valorFrete: 58, desconto: 2,9, valorTotal: 61,1)" computerName="DESKTOP-E2CJ3TF" duration="00:00:00.0000030" startTime="2023-06-08T17:13:28.1018811-03:00" endTime="2023-06-08T17:13:28.1018811-03:00" testType="13cdc9d9-ddb5-4fa4-a97d-d965ccfc6d4b" outcome="Passed" testListId="8c84fa94-04c1-424b-9868-57a2d4851a1d" relativeResultsDirectory="5774ca9e-915b-4550-9254-a9f177aeb9b9" />
    <UnitTestResult executionId="b778d96a-8fdf-496d-8016-a53a0fdd6f7d" testId="7124069c-4216-6c7a-6631-cac658853dff" testName="CarrinhoDeCompra.CarrinhoDeCompraProcessorTest.Should_Return_Valor_Desconto_Correto(itens: [Item { Nome = &quot;Item 159&quot;, Peso = 15, Tipo = &quot;A&quot;, Valor = 1 }, Item { Nome = &quot;Item 160&quot;, Peso = 15, Tipo = &quot;B&quot;, Valor = 1 }, Item { Nome = &quot;Item 161&quot;, Peso = 15, Tipo = &quot;C&quot;, Valor = 1 }, Item { Nome = &quot;Item 162&quot;, Peso = 15, Tipo = &quot;D&quot;, Valor = 1 }, Item { Nome = &quot;Item 163&quot;, Peso = 15, Tipo = &quot;E&quot;, Valor = 1 }, ...], valorProduto: 6, pesoTotal: 90, valorFrete: 640, desconto: 0, valorTotal: 646)" computerName="DESKTOP-E2CJ3TF" duration="00:00:00.0000039" startTime="2023-06-08T17:13:28.1007354-03:00" endTime="2023-06-08T17:13:28.1007355-03:00" testType="13cdc9d9-ddb5-4fa4-a97d-d965ccfc6d4b" outcome="Passed" testListId="8c84fa94-04c1-424b-9868-57a2d4851a1d" relativeResultsDirectory="b778d96a-8fdf-496d-8016-a53a0fdd6f7d" />
    <UnitTestResult executionId="0e8540cd-73ac-4b5b-99be-96afb6368cfc" testId="7124069c-4216-6c7a-6631-cac658853dff" testName="CarrinhoDeCompra.CarrinhoDeCompraProcessorTest.Should_Return_Valor_Desconto_Correto(itens: [Item { Nome = &quot;Item 111&quot;, Peso = 2, Tipo = &quot;A&quot;, Valor = 1 }, Item { Nome = &quot;Item 112&quot;, Peso = 2, Tipo = &quot;B&quot;, Valor = 1 }, Item { Nome = &quot;Item 113&quot;, Peso = 2, Tipo = &quot;C&quot;, Valor = 1 }, Item { Nome = &quot;Item 114&quot;, Peso = 2, Tipo = &quot;D&quot;, Valor = 1 }], valorProduto: 4, pesoTotal: 8, valorFrete: 16, desconto: 0, valorTotal: 20)" computerName="DESKTOP-E2CJ3TF" duration="00:00:00.0000037" startTime="2023-06-08T17:13:28.1003870-03:00" endTime="2023-06-08T17:13:28.1003870-03:00" testType="13cdc9d9-ddb5-4fa4-a97d-d965ccfc6d4b" outcome="Passed" testListId="8c84fa94-04c1-424b-9868-57a2d4851a1d" relativeResultsDirectory="0e8540cd-73ac-4b5b-99be-96afb6368cfc" />
    <UnitTestResult executionId="be46194f-cb41-4bfc-b28b-e44b3189bf23" testId="76f5d4e5-da83-67e0-22d7-438f07f5e637" testName="CarrinhoDeCompra.CarrinhoDeCompraProcessorTest.Should_Return_Valor_Produtos_Correto(itens: [Item { Nome = &quot;Item 1&quot;, Peso = 1, Tipo = &quot;A&quot;, Valor = 1 }, Item { Nome = &quot;Item 2&quot;, Peso = 1, Tipo = &quot;B&quot;, Valor = 1 }, Item { Nome = &quot;Item 3&quot;, Peso = 1, Tipo = &quot;C&quot;, Valor = 1 }, Item { Nome = &quot;Item 4&quot;, Peso = 1, Tipo = &quot;D&quot;, Valor = 1 }, Item { Nome = &quot;Item 5&quot;, Peso = 1, Tipo = &quot;E&quot;, Valor = 1 }], valorProduto: 5, pesoTotal: 5, valorFrete: 10, desconto: 0, valorTotal: 15)" computerName="DESKTOP-E2CJ3TF" duration="00:00:00.0001579" startTime="2023-06-08T17:13:28.1009914-03:00" endTime="2023-06-08T17:13:28.1009914-03:00" testType="13cdc9d9-ddb5-4fa4-a97d-d965ccfc6d4b" outcome="Passed" testListId="8c84fa94-04c1-424b-9868-57a2d4851a1d" relativeResultsDirectory="be46194f-cb41-4bfc-b28b-e44b3189bf23" />
    <UnitTestResult executionId="27f14cd9-5941-4b3a-8f9b-61fd173c159a" testId="8732fa65-7b82-ef37-9c46-1e0ba2a3cf0b" testName="CarrinhoDeCompra.CarrinhoDeCompraProcessorTest.Should_Return_Peso_Total_Correto(itens: [Item { Nome = &quot;Item 27&quot;, Peso = 0,5, Tipo = &quot;A&quot;, Valor = 1 }, Item { Nome = &quot;Item 28&quot;, Peso = 0,5, Tipo = &quot;B&quot;, Valor = 1 }, Item { Nome = &quot;Item 29&quot;, Peso = 0,5, Tipo = &quot;C&quot;, Valor = 1 }, Item { Nome = &quot;Item 30&quot;, Peso = 0,5, Tipo = &quot;D&quot;, Valor = 1 }], valorProduto: 4, pesoTotal: 2, valorFrete: 0, desconto: 0, valorTotal: 4)" computerName="DESKTOP-E2CJ3TF" duration="00:00:00.0000023" startTime="2023-06-08T17:13:28.0983450-03:00" endTime="2023-06-08T17:13:28.0983450-03:00" testType="13cdc9d9-ddb5-4fa4-a97d-d965ccfc6d4b" outcome="Passed" testListId="8c84fa94-04c1-424b-9868-57a2d4851a1d" relativeResultsDirectory="27f14cd9-5941-4b3a-8f9b-61fd173c159a" />
    <UnitTestResult executionId="fa6b1287-bf19-4b84-bde1-dca1b8fbe336" testId="efc8d863-29fd-7110-8abe-33440aad1c80" testName="CarrinhoDeCompra.CarrinhoDeCompraProcessorTest.Should_Return_Valor_Total_Correto(itens: [Item { Nome = &quot;Item 151&quot;, Peso = 15, Tipo = &quot;A&quot;, Valor = 1 }, Item { Nome = &quot;Item 152&quot;, Peso = 15, Tipo = &quot;B&quot;, Valor = 1 }, Item { Nome = &quot;Item 153&quot;, Peso = 15, Tipo = &quot;C&quot;, Valor = 1 }, Item { Nome = &quot;Item 154&quot;, Peso = 15, Tipo = &quot;D&quot;, Valor = 1 }], valorProduto: 4, pesoTotal: 60, valorFrete: 420, desconto: 0, valorTotal: 424)" computerName="DESKTOP-E2CJ3TF" duration="00:00:00.0000050" startTime="2023-06-08T17:13:28.0970050-03:00" endTime="2023-06-08T17:13:28.0970051-03:00" testType="13cdc9d9-ddb5-4fa4-a97d-d965ccfc6d4b" outcome="Passed" testListId="8c84fa94-04c1-424b-9868-57a2d4851a1d" relativeResultsDirectory="fa6b1287-bf19-4b84-bde1-dca1b8fbe336" />
    <UnitTestResult executionId="e2046846-49a3-460e-9f75-e737a854bb95" testId="76f5d4e5-da83-67e0-22d7-438f07f5e637" testName="CarrinhoDeCompra.CarrinhoDeCompraProcessorTest.Should_Return_Valor_Produtos_Correto(itens: [Item { Nome = &quot;Item 151&quot;, Peso = 15, Tipo = &quot;A&quot;, Valor = 1 }, Item { Nome = &quot;Item 152&quot;, Peso = 15, Tipo = &quot;B&quot;, Valor = 1 }, Item { Nome = &quot;Item 153&quot;, Peso = 15, Tipo = &quot;C&quot;, Valor = 1 }, Item { Nome = &quot;Item 154&quot;, Peso = 15, Tipo = &quot;D&quot;, Valor = 1 }], valorProduto: 4, pesoTotal: 60, valorFrete: 420, desconto: 0, valorTotal: 424)" computerName="DESKTOP-E2CJ3TF" duration="00:00:00.0000020" startTime="2023-06-08T17:13:28.1021934-03:00" endTime="2023-06-08T17:13:28.1021934-03:00" testType="13cdc9d9-ddb5-4fa4-a97d-d965ccfc6d4b" outcome="Passed" testListId="8c84fa94-04c1-424b-9868-57a2d4851a1d" relativeResultsDirectory="e2046846-49a3-460e-9f75-e737a854bb95" />
    <UnitTestResult executionId="415c2382-3d52-449a-ba25-24bc2045374d" testId="7124069c-4216-6c7a-6631-cac658853dff" testName="CarrinhoDeCompra.CarrinhoDeCompraProcessorTest.Should_Return_Valor_Desconto_Correto(itens: [Item { Nome = &quot;Item 43&quot;, Peso = 2,5, Tipo = &quot;A&quot;, Valor = 1 }, Item { Nome = &quot;Item 44&quot;, Peso = 2,5, Tipo = &quot;B&quot;, Valor = 1 }, Item { Nome = &quot;Item 45&quot;, Peso = 2,5, Tipo = &quot;C&quot;, Valor = 1 }, Item { Nome = &quot;Item 46&quot;, Peso = 2,6, Tipo = &quot;D&quot;, Valor = 1 }], valorProduto: 4, pesoTotal: 10,1, valorFrete: 40,4, desconto: 0, valorTotal: 44,4)" computerName="DESKTOP-E2CJ3TF" duration="00:00:00.0000038" startTime="2023-06-08T17:13:28.0999400-03:00" endTime="2023-06-08T17:13:28.0999400-03:00" testType="13cdc9d9-ddb5-4fa4-a97d-d965ccfc6d4b" outcome="Passed" testListId="8c84fa94-04c1-424b-9868-57a2d4851a1d" relativeResultsDirectory="415c2382-3d52-449a-ba25-24bc2045374d" />
    <UnitTestResult executionId="fd7756cc-d00e-4180-a127-169f0619c8cc" testId="7124069c-4216-6c7a-6631-cac658853dff" testName="CarrinhoDeCompra.CarrinhoDeCompraProcessorTest.Should_Return_Valor_Desconto_Correto(itens: [Item { Nome = &quot;Item 151&quot;, Peso = 15, Tipo = &quot;A&quot;, Valor = 1 }, Item { Nome = &quot;Item 152&quot;, Peso = 15, Tipo = &quot;B&quot;, Valor = 1 }, Item { Nome = &quot;Item 153&quot;, Peso = 15, Tipo = &quot;C&quot;, Valor = 1 }, Item { Nome = &quot;Item 154&quot;, Peso = 15, Tipo = &quot;D&quot;, Valor = 1 }], valorProduto: 4, pesoTotal: 60, valorFrete: 420, desconto: 0, valorTotal: 424)" computerName="DESKTOP-E2CJ3TF" duration="00:00:00.0000034" startTime="2023-06-08T17:13:28.1007135-03:00" endTime="2023-06-08T17:13:28.1007135-03:00" testType="13cdc9d9-ddb5-4fa4-a97d-d965ccfc6d4b" outcome="Passed" testListId="8c84fa94-04c1-424b-9868-57a2d4851a1d" relativeResultsDirectory="fd7756cc-d00e-4180-a127-169f0619c8cc" />
    <UnitTestResult executionId="f48ce2ea-84be-4bbf-bcbd-447dec4bab00" testId="8732fa65-7b82-ef37-9c46-1e0ba2a3cf0b" testName="CarrinhoDeCompra.CarrinhoDeCompraProcessorTest.Should_Return_Peso_Total_Correto(itens: [Item { Nome = &quot;Item 43&quot;, Peso = 2,5, Tipo = &quot;A&quot;, Valor = 1 }, Item { Nome = &quot;Item 44&quot;, Peso = 2,5, Tipo = &quot;B&quot;, Valor = 1 }, Item { Nome = &quot;Item 45&quot;, Peso = 2,5, Tipo = &quot;C&quot;, Valor = 1 }, Item { Nome = &quot;Item 46&quot;, Peso = 2,6, Tipo = &quot;D&quot;, Valor = 1 }], valorProduto: 4, pesoTotal: 10,1, valorFrete: 40,4, desconto: 0, valorTotal: 44,4)" computerName="DESKTOP-E2CJ3TF" duration="00:00:00.0000023" startTime="2023-06-08T17:13:28.0983899-03:00" endTime="2023-06-08T17:13:28.0983900-03:00" testType="13cdc9d9-ddb5-4fa4-a97d-d965ccfc6d4b" outcome="Passed" testListId="8c84fa94-04c1-424b-9868-57a2d4851a1d" relativeResultsDirectory="f48ce2ea-84be-4bbf-bcbd-447dec4bab00" />
    <UnitTestResult executionId="540996fd-040d-4237-8bdc-ba23a6a3a1b5" testId="8732fa65-7b82-ef37-9c46-1e0ba2a3cf0b" testName="CarrinhoDeCompra.CarrinhoDeCompraProcessorTest.Should_Return_Peso_Total_Correto(itens: [Item { Nome = &quot;Item 95&quot;, Peso = 0,25, Tipo = &quot;A&quot;, Valor = 1 }, Item { Nome = &quot;Item 96&quot;, Peso = 0,25, Tipo = &quot;B&quot;, Valor = 1 }, Item { Nome = &quot;Item 97&quot;, Peso = 0,25, Tipo = &quot;C&quot;, Valor = 1 }, Item { Nome = &quot;Item 98&quot;, Peso = 0,25, Tipo = &quot;D&quot;, Valor = 1 }], valorProduto: 4, pesoTotal: 1, valorFrete: 0, desconto: 0, valorTotal: 4)" computerName="DESKTOP-E2CJ3TF" duration="00:00:00.0000022" startTime="2023-06-08T17:13:28.0987992-03:00" endTime="2023-06-08T17:13:28.0987993-03:00" testType="13cdc9d9-ddb5-4fa4-a97d-d965ccfc6d4b" outcome="Passed" testListId="8c84fa94-04c1-424b-9868-57a2d4851a1d" relativeResultsDirectory="540996fd-040d-4237-8bdc-ba23a6a3a1b5" />
    <UnitTestResult executionId="04cb9ec5-abc8-4690-a3fe-1730e58b96e5" testId="76f5d4e5-da83-67e0-22d7-438f07f5e637" testName="CarrinhoDeCompra.CarrinhoDeCompraProcessorTest.Should_Return_Valor_Produtos_Correto(itens: [Item { Nome = &quot;Item 63&quot;, Peso = 2, Tipo = &quot;A&quot;, Valor = 1 }, Item { Nome = &quot;Item 64&quot;, Peso = 2, Tipo = &quot;B&quot;, Valor = 1 }, Item { Nome = &quot;Item 65&quot;, Peso = 2, Tipo = &quot;B&quot;, Valor = 1 }, Item { Nome = &quot;Item 66&quot;, Peso = 2, Tipo = &quot;B&quot;, Valor = 1 }], valorProduto: 4, pesoTotal: 8, valorFrete: 16, desconto: 0,8, valorTotal: 19,2)" computerName="DESKTOP-E2CJ3TF" duration="00:00:00.0000020" startTime="2023-06-08T17:13:28.1014512-03:00" endTime="2023-06-08T17:13:28.1014513-03:00" testType="13cdc9d9-ddb5-4fa4-a97d-d965ccfc6d4b" outcome="Passed" testListId="8c84fa94-04c1-424b-9868-57a2d4851a1d" relativeResultsDirectory="04cb9ec5-abc8-4690-a3fe-1730e58b96e5" />
    <UnitTestResult executionId="24ec5759-f46b-480c-9795-4b3b71061cab" testId="7124069c-4216-6c7a-6631-cac658853dff" testName="CarrinhoDeCompra.CarrinhoDeCompraProcessorTest.Should_Return_Valor_Desconto_Correto(itens: [Item { Nome = &quot;Item 83&quot;, Peso = 2, Tipo = &quot;A&quot;, Valor = 250 }, Item { Nome = &quot;Item 84&quot;, Peso = 2, Tipo = &quot;B&quot;, Valor = 250 }, Item { Nome = &quot;Item 85&quot;, Peso = 2, Tipo = &quot;C&quot;, Valor = 250 }, Item { Nome = &quot;Item 86&quot;, Peso = 2, Tipo = &quot;D&quot;, Valor = 249,9 }], valorProduto: 999,9, pesoTotal: 8, valorFrete: 16, desconto: 99,99, valorTotal: 915,91)" computerName="DESKTOP-E2CJ3TF" duration="00:00:00.0000035" startTime="2023-06-08T17:13:28.1003113-03:00" endTime="2023-06-08T17:13:28.1003114-03:00" testType="13cdc9d9-ddb5-4fa4-a97d-d965ccfc6d4b" outcome="Passed" testListId="8c84fa94-04c1-424b-9868-57a2d4851a1d" relativeResultsDirectory="24ec5759-f46b-480c-9795-4b3b71061cab" />
    <UnitTestResult executionId="f9857139-236f-42a3-8b5e-1d16fb38570d" testId="7124069c-4216-6c7a-6631-cac658853dff" testName="CarrinhoDeCompra.CarrinhoDeCompraProcessorTest.Should_Return_Valor_Desconto_Correto(itens: [Item { Nome = &quot;Item 6&quot;, Peso = 1, Tipo = &quot;A&quot;, Valor = 1 }, Item { Nome = &quot;Item 7&quot;, Peso = 1, Tipo = &quot;B&quot;, Valor = 1 }, Item { Nome = &quot;Item 8&quot;, Peso = 1, Tipo = &quot;C&quot;, Valor = 1 }, Item { Nome = &quot;Item 9&quot;, Peso = 1, Tipo = &quot;D&quot;, Valor = 1 }, Item { Nome = &quot;Item 10&quot;, Peso = 1, Tipo = &quot;E&quot;, Valor = 1 }, ...], valorProduto: 6, pesoTotal: 6, valorFrete: 22, desconto: 0, valorTotal: 28)" computerName="DESKTOP-E2CJ3TF" duration="00:00:00.0001749" startTime="2023-06-08T17:13:28.0995964-03:00" endTime="2023-06-08T17:13:28.0995964-03:00" testType="13cdc9d9-ddb5-4fa4-a97d-d965ccfc6d4b" outcome="Passed" testListId="8c84fa94-04c1-424b-9868-57a2d4851a1d" relativeResultsDirectory="f9857139-236f-42a3-8b5e-1d16fb38570d" />
    <UnitTestResult executionId="123c5cf3-1095-47aa-9387-9bd811a9fec8" testId="7124069c-4216-6c7a-6631-cac658853dff" testName="CarrinhoDeCompra.CarrinhoDeCompraProcessorTest.Should_Return_Valor_Desconto_Correto(itens: [Item { Nome = &quot;Item 12&quot;, Peso = 1, Tipo = &quot;A&quot;, Valor = 1 }, Item { Nome = &quot;Item 13&quot;, Peso = 1, Tipo = &quot;B&quot;, Valor = 1 }, Item { Nome = &quot;Item 14&quot;, Peso = 1, Tipo = &quot;C&quot;, Valor = 1 }, Item { Nome = &quot;Item 15&quot;, Peso = 1, Tipo = &quot;D&quot;, Valor = 1 }, Item { Nome = &quot;Item 16&quot;, Peso = 1, Tipo = &quot;E&quot;, Valor = 1 }, ...], valorProduto: 7, pesoTotal: 7, valorFrete: 24, desconto: 0, valorTotal: 31)" computerName="DESKTOP-E2CJ3TF" duration="00:00:00.0000082" startTime="2023-06-08T17:13:28.0996146-03:00" endTime="2023-06-08T17:13:28.0996146-03:00" testType="13cdc9d9-ddb5-4fa4-a97d-d965ccfc6d4b" outcome="Passed" testListId="8c84fa94-04c1-424b-9868-57a2d4851a1d" relativeResultsDirectory="123c5cf3-1095-47aa-9387-9bd811a9fec8" />
    <UnitTestResult executionId="c113b22d-1bab-482e-a20e-7a38bdfa035e" testId="8732fa65-7b82-ef37-9c46-1e0ba2a3cf0b" testName="CarrinhoDeCompra.CarrinhoDeCompraProcessorTest.Should_Return_Peso_Total_Correto(itens: [Item { Nome = &quot;Item 139&quot;, Peso = 5, Tipo = &quot;A&quot;, Valor = 1 }, Item { Nome = &quot;Item 140&quot;, Peso = 5, Tipo = &quot;B&quot;, Valor = 1 }, Item { Nome = &quot;Item 141&quot;, Peso = 5, Tipo = &quot;C&quot;, Valor = 1 }, Item { Nome = &quot;Item 142&quot;, Peso = 5, Tipo = &quot;D&quot;, Valor = 1 }, Item { Nome = &quot;Item 143&quot;, Peso = 5, Tipo = &quot;E&quot;, Valor = 1 }, ...], valorProduto: 6, pesoTotal: 30, valorFrete: 130, desconto: 0, valorTotal: 136)" computerName="DESKTOP-E2CJ3TF" duration="00:00:00.0000023" startTime="2023-06-08T17:13:28.0991763-03:00" endTime="2023-06-08T17:13:28.0991763-03:00" testType="13cdc9d9-ddb5-4fa4-a97d-d965ccfc6d4b" outcome="Passed" testListId="8c84fa94-04c1-424b-9868-57a2d4851a1d" relativeResultsDirectory="c113b22d-1bab-482e-a20e-7a38bdfa035e" />
    <UnitTestResult executionId="d6c6a6a8-65ab-4e21-bf5d-b39ec647115c" testId="8732fa65-7b82-ef37-9c46-1e0ba2a3cf0b" testName="CarrinhoDeCompra.CarrinhoDeCompraProcessorTest.Should_Return_Peso_Total_Correto(itens: [Item { Nome = &quot;Item 31&quot;, Peso = 0,5, Tipo = &quot;A&quot;, Valor = 1 }, Item { Nome = &quot;Item 32&quot;, Peso = 0,5, Tipo = &quot;B&quot;, Valor = 1 }, Item { Nome = &quot;Item 33&quot;, Peso = 0,5, Tipo = &quot;C&quot;, Valor = 1 }, Item { Nome = &quot;Item 34&quot;, Peso = 0,6, Tipo = &quot;D&quot;, Valor = 1 }], valorProduto: 4, pesoTotal: 2,1, valorFrete: 4,2, desconto: 0, valorTotal: 8,2)" computerName="DESKTOP-E2CJ3TF" duration="00:00:00.0000023" startTime="2023-06-08T17:13:28.0983559-03:00" endTime="2023-06-08T17:13:28.0983559-03:00" testType="13cdc9d9-ddb5-4fa4-a97d-d965ccfc6d4b" outcome="Passed" testListId="8c84fa94-04c1-424b-9868-57a2d4851a1d" relativeResultsDirectory="d6c6a6a8-65ab-4e21-bf5d-b39ec647115c" />
    <UnitTestResult executionId="0195d125-a782-46f4-85ed-fd7f3a876254" testId="7124069c-4216-6c7a-6631-cac658853dff" testName="CarrinhoDeCompra.CarrinhoDeCompraProcessorTest.Should_Return_Valor_Desconto_Correto(itens: [Item { Nome = &quot;Item 47&quot;, Peso = 12,5, Tipo = &quot;A&quot;, Valor = 1 }, Item { Nome = &quot;Item 48&quot;, Peso = 12,5, Tipo = &quot;B&quot;, Valor = 1 }, Item { Nome = &quot;Item 49&quot;, Peso = 12,5, Tipo = &quot;C&quot;, Valor = 1 }, Item { Nome = &quot;Item 50&quot;, Peso = 12,4, Tipo = &quot;D&quot;, Valor = 1 }], valorProduto: 4, pesoTotal: 49,9, valorFrete: 199,6, desconto: 0, valorTotal: 203,6)" computerName="DESKTOP-E2CJ3TF" duration="00:00:00.0000036" startTime="2023-06-08T17:13:28.0999569-03:00" endTime="2023-06-08T17:13:28.0999569-03:00" testType="13cdc9d9-ddb5-4fa4-a97d-d965ccfc6d4b" outcome="Passed" testListId="8c84fa94-04c1-424b-9868-57a2d4851a1d" relativeResultsDirectory="0195d125-a782-46f4-85ed-fd7f3a876254" />
    <UnitTestResult executionId="5973bc71-b396-4f2a-8a77-73b83b7cbcac" testId="7124069c-4216-6c7a-6631-cac658853dff" testName="CarrinhoDeCompra.CarrinhoDeCompraProcessorTest.Should_Return_Valor_Desconto_Correto(itens: [Item { Nome = &quot;Item 35&quot;, Peso = 2,5, Tipo = &quot;A&quot;, Valor = 1 }, Item { Nome = &quot;Item 36&quot;, Peso = 2,5, Tipo = &quot;B&quot;, Valor = 1 }, Item { Nome = &quot;Item 37&quot;, Peso = 2,5, Tipo = &quot;C&quot;, Valor = 1 }, Item { Nome = &quot;Item 38&quot;, Peso = 2,4, Tipo = &quot;D&quot;, Valor = 1 }], valorProduto: 4, pesoTotal: 9,9, valorFrete: 19,8, desconto: 0, valorTotal: 23,8)" computerName="DESKTOP-E2CJ3TF" duration="00:00:00.0000036" startTime="2023-06-08T17:13:28.0999176-03:00" endTime="2023-06-08T17:13:28.0999177-03:00" testType="13cdc9d9-ddb5-4fa4-a97d-d965ccfc6d4b" outcome="Passed" testListId="8c84fa94-04c1-424b-9868-57a2d4851a1d" relativeResultsDirectory="5973bc71-b396-4f2a-8a77-73b83b7cbcac" />
    <UnitTestResult executionId="57fd9533-ce38-4d34-9014-6211e5e2e3ab" testId="8732fa65-7b82-ef37-9c46-1e0ba2a3cf0b" testName="CarrinhoDeCompra.CarrinhoDeCompraProcessorTest.Should_Return_Peso_Total_Correto(itens: [Item { Nome = &quot;Item 79&quot;, Peso = 2, Tipo = &quot;A&quot;, Valor = 125 }, Item { Nome = &quot;Item 80&quot;, Peso = 2, Tipo = &quot;B&quot;, Valor = 125 }, Item { Nome = &quot;Item 81&quot;, Peso = 2, Tipo = &quot;C&quot;, Valor = 125 }, Item { Nome = &quot;Item 82&quot;, Peso = 2, Tipo = &quot;D&quot;, Valor = 125,1 }], valorProduto: 500,1, pesoTotal: 8, valorFrete: 16, desconto: 50,01, valorTotal: 466,09)" computerName="DESKTOP-E2CJ3TF" duration="00:00:00.0000022" startTime="2023-06-08T17:13:28.0987427-03:00" endTime="2023-06-08T17:13:28.0987427-03:00" testType="13cdc9d9-ddb5-4fa4-a97d-d965ccfc6d4b" outcome="Passed" testListId="8c84fa94-04c1-424b-9868-57a2d4851a1d" relativeResultsDirectory="57fd9533-ce38-4d34-9014-6211e5e2e3ab" />
    <UnitTestResult executionId="dba226cc-ae33-4179-b5cd-7f6d35b0a2af" testId="72f32c27-98cb-c69e-3166-0cc4c145cb0c" testName="CarrinhoDeCompra.CarrinhoDeCompraProcessorTest.Should_Return_Frete_Correto(itens: [Item { Nome = &quot;Item 155&quot;, Peso = 15, Tipo = &quot;A&quot;, Valor = 1 }, Item { Nome = &quot;Item 156&quot;, Peso = 15, Tipo = &quot;B&quot;, Valor = 1 }, Item { Nome = &quot;Item 157&quot;, Peso = 15, Tipo = &quot;B&quot;, Valor = 1 }, Item { Nome = &quot;Item 158&quot;, Peso = 15, Tipo = &quot;B&quot;, Valor = 1 }], valorProduto: 4, pesoTotal: 60, valorFrete: 420, desconto: 21, valorTotal: 403)" computerName="DESKTOP-E2CJ3TF" duration="00:00:00.0000030" startTime="2023-06-08T17:13:28.1035851-03:00" endTime="2023-06-08T17:13:28.1035851-03:00" testType="13cdc9d9-ddb5-4fa4-a97d-d965ccfc6d4b" outcome="Passed" testListId="8c84fa94-04c1-424b-9868-57a2d4851a1d" relativeResultsDirectory="dba226cc-ae33-4179-b5cd-7f6d35b0a2af" />
    <UnitTestResult executionId="d3e49e3f-d606-43e5-ba0f-eb39736f10e7" testId="72f32c27-98cb-c69e-3166-0cc4c145cb0c" testName="CarrinhoDeCompra.CarrinhoDeCompraProcessorTest.Should_Return_Frete_Correto(itens: [Item { Nome = &quot;Item 115&quot;, Peso = 2, Tipo = &quot;A&quot;, Valor = 1 }, Item { Nome = &quot;Item 116&quot;, Peso = 2, Tipo = &quot;B&quot;, Valor = 1 }, Item { Nome = &quot;Item 117&quot;, Peso = 2, Tipo = &quot;B&quot;, Valor = 1 }, Item { Nome = &quot;Item 118&quot;, Peso = 2, Tipo = &quot;B&quot;, Valor = 1 }], valorProduto: 4, pesoTotal: 8, valorFrete: 16, desconto: 0,8, valorTotal: 19,2)" computerName="DESKTOP-E2CJ3TF" duration="00:00:00.0000030" startTime="2023-06-08T17:13:28.1032576-03:00" endTime="2023-06-08T17:13:28.1032577-03:00" testType="13cdc9d9-ddb5-4fa4-a97d-d965ccfc6d4b" outcome="Passed" testListId="8c84fa94-04c1-424b-9868-57a2d4851a1d" relativeResultsDirectory="d3e49e3f-d606-43e5-ba0f-eb39736f10e7" />
    <UnitTestResult executionId="df08ae50-7c50-4be0-80f5-4e9f2fdbd278" testId="76f5d4e5-da83-67e0-22d7-438f07f5e637" testName="CarrinhoDeCompra.CarrinhoDeCompraProcessorTest.Should_Return_Valor_Produtos_Correto(itens: [Item { Nome = &quot;Item 119&quot;, Peso = 2, Tipo = &quot;A&quot;, Valor = 1 }, Item { Nome = &quot;Item 120&quot;, Peso = 2, Tipo = &quot;B&quot;, Valor = 1 }, Item { Nome = &quot;Item 121&quot;, Peso = 2, Tipo = &quot;C&quot;, Valor = 1 }, Item { Nome = &quot;Item 122&quot;, Peso = 2, Tipo = &quot;D&quot;, Valor = 1 }, Item { Nome = &quot;Item 123&quot;, Peso = 2, Tipo = &quot;E&quot;, Valor = 1 }, ...], valorProduto: 6, pesoTotal: 12, valorFrete: 58, desconto: 0, valorTotal: 64)" computerName="DESKTOP-E2CJ3TF" duration="00:00:00.0000023" startTime="2023-06-08T17:13:28.1018655-03:00" endTime="2023-06-08T17:13:28.1018655-03:00" testType="13cdc9d9-ddb5-4fa4-a97d-d965ccfc6d4b" outcome="Passed" testListId="8c84fa94-04c1-424b-9868-57a2d4851a1d" relativeResultsDirectory="df08ae50-7c50-4be0-80f5-4e9f2fdbd278" />
    <UnitTestResult executionId="abd7f22c-9c6b-48dd-b071-f1fce0257dfc" testId="8732fa65-7b82-ef37-9c46-1e0ba2a3cf0b" testName="CarrinhoDeCompra.CarrinhoDeCompraProcessorTest.Should_Return_Peso_Total_Correto(itens: [Item { Nome = &quot;Item 63&quot;, Peso = 2, Tipo = &quot;A&quot;, Valor = 1 }, Item { Nome = &quot;Item 64&quot;, Peso = 2, Tipo = &quot;B&quot;, Valor = 1 }, Item { Nome = &quot;Item 65&quot;, Peso = 2, Tipo = &quot;B&quot;, Valor = 1 }, Item { Nome = &quot;Item 66&quot;, Peso = 2, Tipo = &quot;B&quot;, Valor = 1 }], valorProduto: 4, pesoTotal: 8, valorFrete: 16, desconto: 0,8, valorTotal: 19,2)" computerName="DESKTOP-E2CJ3TF" duration="00:00:00.0000023" startTime="2023-06-08T17:13:28.0986992-03:00" endTime="2023-06-08T17:13:28.0986993-03:00" testType="13cdc9d9-ddb5-4fa4-a97d-d965ccfc6d4b" outcome="Passed" testListId="8c84fa94-04c1-424b-9868-57a2d4851a1d" relativeResultsDirectory="abd7f22c-9c6b-48dd-b071-f1fce0257dfc" />
    <UnitTestResult executionId="513a7ea1-022e-49d5-9d05-7d058cdb7373" testId="76f5d4e5-da83-67e0-22d7-438f07f5e637" testName="CarrinhoDeCompra.CarrinhoDeCompraProcessorTest.Should_Return_Valor_Produtos_Correto(itens: [Item { Nome = &quot;Item 115&quot;, Peso = 2, Tipo = &quot;A&quot;, Valor = 1 }, Item { Nome = &quot;Item 116&quot;, Peso = 2, Tipo = &quot;B&quot;, Valor = 1 }, Item { Nome = &quot;Item 117&quot;, Peso = 2, Tipo = &quot;B&quot;, Valor = 1 }, Item { Nome = &quot;Item 118&quot;, Peso = 2, Tipo = &quot;B&quot;, Valor = 1 }], valorProduto: 4, pesoTotal: 8, valorFrete: 16, desconto: 0,8, valorTotal: 19,2)" computerName="DESKTOP-E2CJ3TF" duration="00:00:00.0000023" startTime="2023-06-08T17:13:28.1018548-03:00" endTime="2023-06-08T17:13:28.1018549-03:00" testType="13cdc9d9-ddb5-4fa4-a97d-d965ccfc6d4b" outcome="Passed" testListId="8c84fa94-04c1-424b-9868-57a2d4851a1d" relativeResultsDirectory="513a7ea1-022e-49d5-9d05-7d058cdb7373" />
    <UnitTestResult executionId="6c4fe533-9c03-4af5-ad5f-21b497b59cec" testId="72f32c27-98cb-c69e-3166-0cc4c145cb0c" testName="CarrinhoDeCompra.CarrinhoDeCompraProcessorTest.Should_Return_Frete_Correto(itens: [Item { Nome = &quot;Item 47&quot;, Peso = 12,5, Tipo = &quot;A&quot;, Valor = 1 }, Item { Nome = &quot;Item 48&quot;, Peso = 12,5, Tipo = &quot;B&quot;, Valor = 1 }, Item { Nome = &quot;Item 49&quot;, Peso = 12,5, Tipo = &quot;C&quot;, Valor = 1 }, Item { Nome = &quot;Item 50&quot;, Peso = 12,4, Tipo = &quot;D&quot;, Valor = 1 }], valorProduto: 4, pesoTotal: 49,9, valorFrete: 199,6, desconto: 0, valorTotal: 203,6)" computerName="DESKTOP-E2CJ3TF" duration="00:00:00.0000033" startTime="2023-06-08T17:13:28.1026031-03:00" endTime="2023-06-08T17:13:28.1026031-03:00" testType="13cdc9d9-ddb5-4fa4-a97d-d965ccfc6d4b" outcome="Passed" testListId="8c84fa94-04c1-424b-9868-57a2d4851a1d" relativeResultsDirectory="6c4fe533-9c03-4af5-ad5f-21b497b59cec" />
    <UnitTestResult executionId="814fc5e0-ed8f-4d08-a299-be6fa80b0c99" testId="efc8d863-29fd-7110-8abe-33440aad1c80" testName="CarrinhoDeCompra.CarrinhoDeCompraProcessorTest.Should_Return_Valor_Total_Correto(itens: [Item { Nome = &quot;Item 1&quot;, Peso = 1, Tipo = &quot;A&quot;, Valor = 1 }, Item { Nome = &quot;Item 2&quot;, Peso = 1, Tipo = &quot;B&quot;, Valor = 1 }, Item { Nome = &quot;Item 3&quot;, Peso = 1, Tipo = &quot;C&quot;, Valor = 1 }, Item { Nome = &quot;Item 4&quot;, Peso = 1, Tipo = &quot;D&quot;, Valor = 1 }, Item { Nome = &quot;Item 5&quot;, Peso = 1, Tipo = &quot;E&quot;, Valor = 1 }], valorProduto: 5, pesoTotal: 5, valorFrete: 10, desconto: 0, valorTotal: 15)" computerName="DESKTOP-E2CJ3TF" duration="00:00:00.0078062" startTime="2023-06-08T17:13:28.0631682-03:00" endTime="2023-06-08T17:13:28.0632193-03:00" testType="13cdc9d9-ddb5-4fa4-a97d-d965ccfc6d4b" outcome="Passed" testListId="8c84fa94-04c1-424b-9868-57a2d4851a1d" relativeResultsDirectory="814fc5e0-ed8f-4d08-a299-be6fa80b0c99" />
    <UnitTestResult executionId="21be338b-3df7-44ce-aa2f-2ac9d551f9f9" testId="76f5d4e5-da83-67e0-22d7-438f07f5e637" testName="CarrinhoDeCompra.CarrinhoDeCompraProcessorTest.Should_Return_Valor_Produtos_Correto(itens: [Item { Nome = &quot;Item 139&quot;, Peso = 5, Tipo = &quot;A&quot;, Valor = 1 }, Item { Nome = &quot;Item 140&quot;, Peso = 5, Tipo = &quot;B&quot;, Valor = 1 }, Item { Nome = &quot;Item 141&quot;, Peso = 5, Tipo = &quot;C&quot;, Valor = 1 }, Item { Nome = &quot;Item 142&quot;, Peso = 5, Tipo = &quot;D&quot;, Valor = 1 }, Item { Nome = &quot;Item 143&quot;, Peso = 5, Tipo = &quot;E&quot;, Valor = 1 }, ...], valorProduto: 6, pesoTotal: 30, valorFrete: 130, desconto: 0, valorTotal: 136)" computerName="DESKTOP-E2CJ3TF" duration="00:00:00.0000023" startTime="2023-06-08T17:13:28.1021719-03:00" endTime="2023-06-08T17:13:28.1021719-03:00" testType="13cdc9d9-ddb5-4fa4-a97d-d965ccfc6d4b" outcome="Passed" testListId="8c84fa94-04c1-424b-9868-57a2d4851a1d" relativeResultsDirectory="21be338b-3df7-44ce-aa2f-2ac9d551f9f9" />
    <UnitTestResult executionId="79a07411-683b-42d2-956b-a5526399a065" testId="76f5d4e5-da83-67e0-22d7-438f07f5e637" testName="CarrinhoDeCompra.CarrinhoDeCompraProcessorTest.Should_Return_Valor_Produtos_Correto(itens: [Item { Nome = &quot;Item 6&quot;, Peso = 1, Tipo = &quot;A&quot;, Valor = 1 }, Item { Nome = &quot;Item 7&quot;, Peso = 1, Tipo = &quot;B&quot;, Valor = 1 }, Item { Nome = &quot;Item 8&quot;, Peso = 1, Tipo = &quot;C&quot;, Valor = 1 }, Item { Nome = &quot;Item 9&quot;, Peso = 1, Tipo = &quot;D&quot;, Valor = 1 }, Item { Nome = &quot;Item 10&quot;, Peso = 1, Tipo = &quot;E&quot;, Valor = 1 }, ...], valorProduto: 6, pesoTotal: 6, valorFrete: 22, desconto: 0, valorTotal: 28)" computerName="DESKTOP-E2CJ3TF" duration="00:00:00.0001488" startTime="2023-06-08T17:13:28.1010094-03:00" endTime="2023-06-08T17:13:28.1010095-03:00" testType="13cdc9d9-ddb5-4fa4-a97d-d965ccfc6d4b" outcome="Passed" testListId="8c84fa94-04c1-424b-9868-57a2d4851a1d" relativeResultsDirectory="79a07411-683b-42d2-956b-a5526399a065" />
    <UnitTestResult executionId="b36b7030-b715-45f4-8f9a-6b7940f173ce" testId="7124069c-4216-6c7a-6631-cac658853dff" testName="CarrinhoDeCompra.CarrinhoDeCompraProcessorTest.Should_Return_Valor_Desconto_Correto(itens: [Item { Nome = &quot;Item 119&quot;, Peso = 2, Tipo = &quot;A&quot;, Valor = 1 }, Item { Nome = &quot;Item 120&quot;, Peso = 2, Tipo = &quot;B&quot;, Valor = 1 }, Item { Nome = &quot;Item 121&quot;, Peso = 2, Tipo = &quot;C&quot;, Valor = 1 }, Item { Nome = &quot;Item 122&quot;, Peso = 2, Tipo = &quot;D&quot;, Valor = 1 }, Item { Nome = &quot;Item 123&quot;, Peso = 2, Tipo = &quot;E&quot;, Valor = 1 }, ...], valorProduto: 6, pesoTotal: 12, valorFrete: 58, desconto: 0, valorTotal: 64)" computerName="DESKTOP-E2CJ3TF" duration="00:00:00.0000041" startTime="2023-06-08T17:13:28.1006332-03:00" endTime="2023-06-08T17:13:28.1006333-03:00" testType="13cdc9d9-ddb5-4fa4-a97d-d965ccfc6d4b" outcome="Passed" testListId="8c84fa94-04c1-424b-9868-57a2d4851a1d" relativeResultsDirectory="b36b7030-b715-45f4-8f9a-6b7940f173ce" />
    <UnitTestResult executionId="43dd1dda-fa3a-4a7f-be63-8cbaa1a85ea0" testId="76f5d4e5-da83-67e0-22d7-438f07f5e637" testName="CarrinhoDeCompra.CarrinhoDeCompraProcessorTest.Should_Return_Valor_Produtos_Correto(itens: [Item { Nome = &quot;Item 55&quot;, Peso = 12,5, Tipo = &quot;A&quot;, Valor = 1 }, Item { Nome = &quot;Item 56&quot;, Peso = 12,5, Tipo = &quot;B&quot;, Valor = 1 }, Item { Nome = &quot;Item 57&quot;, Peso = 12,5, Tipo = &quot;C&quot;, Valor = 1 }, Item { Nome = &quot;Item 58&quot;, Peso = 12,6, Tipo = &quot;D&quot;, Valor = 1 }], valorProduto: 4, pesoTotal: 50,1, valorFrete: 350,7, desconto: 0, valorTotal: 354,7)" computerName="DESKTOP-E2CJ3TF" duration="00:00:00.0000022" startTime="2023-06-08T17:13:28.1014291-03:00" endTime="2023-06-08T17:13:28.1014291-03:00" testType="13cdc9d9-ddb5-4fa4-a97d-d965ccfc6d4b" outcome="Passed" testListId="8c84fa94-04c1-424b-9868-57a2d4851a1d" relativeResultsDirectory="43dd1dda-fa3a-4a7f-be63-8cbaa1a85ea0" />
    <UnitTestResult executionId="f1fa42f3-4e35-4d21-81f5-28a35e55ecca" testId="7124069c-4216-6c7a-6631-cac658853dff" testName="CarrinhoDeCompra.CarrinhoDeCompraProcessorTest.Should_Return_Valor_Desconto_Correto(itens: [Item { Nome = &quot;Item 59&quot;, Peso = 2, Tipo = &quot;A&quot;, Valor = 1 }, Item { Nome = &quot;Item 60&quot;, Peso = 2, Tipo = &quot;A&quot;, Valor = 1 }, Item { Nome = &quot;Item 61&quot;, Peso = 2, Tipo = &quot;B&quot;, Valor = 1 }, Item { Nome = &quot;Item 62&quot;, Peso = 2, Tipo = &quot;B&quot;, Valor = 1 }], valorProduto: 4, pesoTotal: 8, valorFrete: 16, desconto: 0, valorTotal: 20)" computerName="DESKTOP-E2CJ3TF" duration="00:00:00.0000040" startTime="2023-06-08T17:13:28.0999977-03:00" endTime="2023-06-08T17:13:28.0999978-03:00" testType="13cdc9d9-ddb5-4fa4-a97d-d965ccfc6d4b" outcome="Passed" testListId="8c84fa94-04c1-424b-9868-57a2d4851a1d" relativeResultsDirectory="f1fa42f3-4e35-4d21-81f5-28a35e55ecca" />
    <UnitTestResult executionId="05a9e42a-02f9-4ca4-8a85-092842efa841" testId="72f32c27-98cb-c69e-3166-0cc4c145cb0c" testName="CarrinhoDeCompra.CarrinhoDeCompraProcessorTest.Should_Return_Frete_Correto(itens: [Item { Nome = &quot;Item 145&quot;, Peso = 5, Tipo = &quot;A&quot;, Valor = 1 }, Item { Nome = &quot;Item 146&quot;, Peso = 5, Tipo = &quot;A&quot;, Valor = 1 }, Item { Nome = &quot;Item 147&quot;, Peso = 5, Tipo = &quot;A&quot;, Valor = 1 }, Item { Nome = &quot;Item 148&quot;, Peso = 5, Tipo = &quot;D&quot;, Valor = 1 }, Item { Nome = &quot;Item 149&quot;, Peso = 5, Tipo = &quot;E&quot;, Valor = 1 }, ...], valorProduto: 6, pesoTotal: 30, valorFrete: 130, desconto: 6,5, valorTotal: 129,5)" computerName="DESKTOP-E2CJ3TF" duration="00:00:00.0000037" startTime="2023-06-08T17:13:28.1035590-03:00" endTime="2023-06-08T17:13:28.1035590-03:00" testType="13cdc9d9-ddb5-4fa4-a97d-d965ccfc6d4b" outcome="Passed" testListId="8c84fa94-04c1-424b-9868-57a2d4851a1d" relativeResultsDirectory="05a9e42a-02f9-4ca4-8a85-092842efa841" />
    <UnitTestResult executionId="76bb8859-66c1-4415-a1b4-7df7c4e231f5" testId="7124069c-4216-6c7a-6631-cac658853dff" testName="CarrinhoDeCompra.CarrinhoDeCompraProcessorTest.Should_Return_Valor_Desconto_Correto(itens: [Item { Nome = &quot;Item 71&quot;, Peso = 2, Tipo = &quot;A&quot;, Valor = 125 }, Item { Nome = &quot;Item 72&quot;, Peso = 2, Tipo = &quot;B&quot;, Valor = 125 }, Item { Nome = &quot;Item 73&quot;, Peso = 2, Tipo = &quot;C&quot;, Valor = 125 }, Item { Nome = &quot;Item 74&quot;, Peso = 2, Tipo = &quot;D&quot;, Valor = 124,9 }], valorProduto: 499,9, pesoTotal: 8, valorFrete: 16, desconto: 0, valorTotal: 515,9)" computerName="DESKTOP-E2CJ3TF" duration="00:00:00.0000036" startTime="2023-06-08T17:13:28.1002703-03:00" endTime="2023-06-08T17:13:28.1002704-03:00" testType="13cdc9d9-ddb5-4fa4-a97d-d965ccfc6d4b" outcome="Passed" testListId="8c84fa94-04c1-424b-9868-57a2d4851a1d" relativeResultsDirectory="76bb8859-66c1-4415-a1b4-7df7c4e231f5" />
    <UnitTestResult executionId="ad3d3931-7ed8-4c65-b286-eb2b82a86469" testId="7124069c-4216-6c7a-6631-cac658853dff" testName="CarrinhoDeCompra.CarrinhoDeCompraProcessorTest.Should_Return_Valor_Desconto_Correto(itens: [Item { Nome = &quot;Item 99&quot;, Peso = 0,25, Tipo = &quot;A&quot;, Valor = 1 }, Item { Nome = &quot;Item 100&quot;, Peso = 0,25, Tipo = &quot;B&quot;, Valor = 1 }, Item { Nome = &quot;Item 101&quot;, Peso = 0,25, Tipo = &quot;C&quot;, Valor = 1 }, Item { Nome = &quot;Item 102&quot;, Peso = 0,25, Tipo = &quot;D&quot;, Valor = 1 }, Item { Nome = &quot;Item 103&quot;, Peso = 0,25, Tipo = &quot;E&quot;, Valor = 1 }, ...], valorProduto: 6, pesoTotal: 1,5, valorFrete: 10, desconto: 0, valorTotal: 16)" computerName="DESKTOP-E2CJ3TF" duration="00:00:00.0000040" startTime="2023-06-08T17:13:28.1003651-03:00" endTime="2023-06-08T17:13:28.1003652-03:00" testType="13cdc9d9-ddb5-4fa4-a97d-d965ccfc6d4b" outcome="Passed" testListId="8c84fa94-04c1-424b-9868-57a2d4851a1d" relativeResultsDirectory="ad3d3931-7ed8-4c65-b286-eb2b82a86469" />
    <UnitTestResult executionId="19ddea79-75c3-4525-88e2-c366bb30372a" testId="efc8d863-29fd-7110-8abe-33440aad1c80" testName="CarrinhoDeCompra.CarrinhoDeCompraProcessorTest.Should_Return_Valor_Total_Correto(itens: [Item { Nome = &quot;Item 55&quot;, Peso = 12,5, Tipo = &quot;A&quot;, Valor = 1 }, Item { Nome = &quot;Item 56&quot;, Peso = 12,5, Tipo = &quot;B&quot;, Valor = 1 }, Item { Nome = &quot;Item 57&quot;, Peso = 12,5, Tipo = &quot;C&quot;, Valor = 1 }, Item { Nome = &quot;Item 58&quot;, Peso = 12,6, Tipo = &quot;D&quot;, Valor = 1 }], valorProduto: 4, pesoTotal: 50,1, valorFrete: 350,7, desconto: 0, valorTotal: 354,7)" computerName="DESKTOP-E2CJ3TF" duration="00:00:00.0000049" startTime="2023-06-08T17:13:28.0958186-03:00" endTime="2023-06-08T17:13:28.0958186-03:00" testType="13cdc9d9-ddb5-4fa4-a97d-d965ccfc6d4b" outcome="Passed" testListId="8c84fa94-04c1-424b-9868-57a2d4851a1d" relativeResultsDirectory="19ddea79-75c3-4525-88e2-c366bb30372a" />
    <UnitTestResult executionId="3914244a-b594-4175-912f-e0df35a6ec86" testId="72f32c27-98cb-c69e-3166-0cc4c145cb0c" testName="CarrinhoDeCompra.CarrinhoDeCompraProcessorTest.Should_Return_Frete_Correto(itens: [Item { Nome = &quot;Item 23&quot;, Peso = 0,5, Tipo = &quot;A&quot;, Valor = 1 }, Item { Nome = &quot;Item 24&quot;, Peso = 0,5, Tipo = &quot;B&quot;, Valor = 1 }, Item { Nome = &quot;Item 25&quot;, Peso = 0,5, Tipo = &quot;C&quot;, Valor = 1 }, Item { Nome = &quot;Item 26&quot;, Peso = 0,4, Tipo = &quot;D&quot;, Valor = 1 }], valorProduto: 4, pesoTotal: 1,9, valorFrete: 0, desconto: 0, valorTotal: 4)" computerName="DESKTOP-E2CJ3TF" duration="00:00:00.0000044" startTime="2023-06-08T17:13:28.1025348-03:00" endTime="2023-06-08T17:13:28.1025348-03:00" testType="13cdc9d9-ddb5-4fa4-a97d-d965ccfc6d4b" outcome="Passed" testListId="8c84fa94-04c1-424b-9868-57a2d4851a1d" relativeResultsDirectory="3914244a-b594-4175-912f-e0df35a6ec86" />
    <UnitTestResult executionId="e1c12bdf-7855-42cd-a508-cdf50fb6834f" testId="7124069c-4216-6c7a-6631-cac658853dff" testName="CarrinhoDeCompra.CarrinhoDeCompraProcessorTest.Should_Return_Valor_Desconto_Correto(itens: [Item { Nome = &quot;Item 63&quot;, Peso = 2, Tipo = &quot;A&quot;, Valor = 1 }, Item { Nome = &quot;Item 64&quot;, Peso = 2, Tipo = &quot;B&quot;, Valor = 1 }, Item { Nome = &quot;Item 65&quot;, Peso = 2, Tipo = &quot;B&quot;, Valor = 1 }, Item { Nome = &quot;Item 66&quot;, Peso = 2, Tipo = &quot;B&quot;, Valor = 1 }], valorProduto: 4, pesoTotal: 8, valorFrete: 16, desconto: 0,8, valorTotal: 19,2)" computerName="DESKTOP-E2CJ3TF" duration="00:00:00.0000040" startTime="2023-06-08T17:13:28.1000085-03:00" endTime="2023-06-08T17:13:28.1000086-03:00" testType="13cdc9d9-ddb5-4fa4-a97d-d965ccfc6d4b" outcome="Passed" testListId="8c84fa94-04c1-424b-9868-57a2d4851a1d" relativeResultsDirectory="e1c12bdf-7855-42cd-a508-cdf50fb6834f" />
    <UnitTestResult executionId="27d75bd1-6c84-420f-bd9e-542679e90ae6" testId="72f32c27-98cb-c69e-3166-0cc4c145cb0c" testName="CarrinhoDeCompra.CarrinhoDeCompraProcessorTest.Should_Return_Frete_Correto(itens: [Item { Nome = &quot;Item 31&quot;, Peso = 0,5, Tipo = &quot;A&quot;, Valor = 1 }, Item { Nome = &quot;Item 32&quot;, Peso = 0,5, Tipo = &quot;B&quot;, Valor = 1 }, Item { Nome = &quot;Item 33&quot;, Peso = 0,5, Tipo = &quot;C&quot;, Valor = 1 }, Item { Nome = &quot;Item 34&quot;, Peso = 0,6, Tipo = &quot;D&quot;, Valor = 1 }], valorProduto: 4, pesoTotal: 2,1, valorFrete: 4,2, desconto: 0, valorTotal: 8,2)" computerName="DESKTOP-E2CJ3TF" duration="00:00:00.0000030" startTime="2023-06-08T17:13:28.1025570-03:00" endTime="2023-06-08T17:13:28.1025570-03:00" testType="13cdc9d9-ddb5-4fa4-a97d-d965ccfc6d4b" outcome="Passed" testListId="8c84fa94-04c1-424b-9868-57a2d4851a1d" relativeResultsDirectory="27d75bd1-6c84-420f-bd9e-542679e90ae6" />
    <UnitTestResult executionId="05adcf06-4749-48ea-ad9a-9be179fa72bc" testId="7124069c-4216-6c7a-6631-cac658853dff" testName="CarrinhoDeCompra.CarrinhoDeCompraProcessorTest.Should_Return_Valor_Desconto_Correto(itens: [Item { Nome = &quot;Item 23&quot;, Peso = 0,5, Tipo = &quot;A&quot;, Valor = 1 }, Item { Nome = &quot;Item 24&quot;, Peso = 0,5, Tipo = &quot;B&quot;, Valor = 1 }, Item { Nome = &quot;Item 25&quot;, Peso = 0,5, Tipo = &quot;C&quot;, Valor = 1 }, Item { Nome = &quot;Item 26&quot;, Peso = 0,4, Tipo = &quot;D&quot;, Valor = 1 }], valorProduto: 4, pesoTotal: 1,9, valorFrete: 0, desconto: 0, valorTotal: 4)" computerName="DESKTOP-E2CJ3TF" duration="00:00:00.0000056" startTime="2023-06-08T17:13:28.0996371-03:00" endTime="2023-06-08T17:13:28.0996372-03:00" testType="13cdc9d9-ddb5-4fa4-a97d-d965ccfc6d4b" outcome="Passed" testListId="8c84fa94-04c1-424b-9868-57a2d4851a1d" relativeResultsDirectory="05adcf06-4749-48ea-ad9a-9be179fa72bc" />
    <UnitTestResult executionId="aa64dd64-49e2-48fe-8b64-07c7857d74f0" testId="8732fa65-7b82-ef37-9c46-1e0ba2a3cf0b" testName="CarrinhoDeCompra.CarrinhoDeCompraProcessorTest.Should_Return_Peso_Total_Correto(itens: [Item { Nome = &quot;Item 39&quot;, Peso = 2,5, Tipo = &quot;A&quot;, Valor = 1 }, Item { Nome = &quot;Item 40&quot;, Peso = 2,5, Tipo = &quot;B&quot;, Valor = 1 }, Item { Nome = &quot;Item 41&quot;, Peso = 2,5, Tipo = &quot;C&quot;, Valor = 1 }, Item { Nome = &quot;Item 42&quot;, Peso = 2,5, Tipo = &quot;D&quot;, Valor = 1 }], valorProduto: 4, pesoTotal: 10, valorFrete: 20, desconto: 0, valorTotal: 24)" computerName="DESKTOP-E2CJ3TF" duration="00:00:00.0000023" startTime="2023-06-08T17:13:28.0983783-03:00" endTime="2023-06-08T17:13:28.0983783-03:00" testType="13cdc9d9-ddb5-4fa4-a97d-d965ccfc6d4b" outcome="Passed" testListId="8c84fa94-04c1-424b-9868-57a2d4851a1d" relativeResultsDirectory="aa64dd64-49e2-48fe-8b64-07c7857d74f0" />
    <UnitTestResult executionId="963f3826-572b-4bc7-900d-3dbdaf156d09" testId="efc8d863-29fd-7110-8abe-33440aad1c80" testName="CarrinhoDeCompra.CarrinhoDeCompraProcessorTest.Should_Return_Valor_Total_Correto(itens: [Item { Nome = &quot;Item 99&quot;, Peso = 0,25, Tipo = &quot;A&quot;, Valor = 1 }, Item { Nome = &quot;Item 100&quot;, Peso = 0,25, Tipo = &quot;B&quot;, Valor = 1 }, Item { Nome = &quot;Item 101&quot;, Peso = 0,25, Tipo = &quot;C&quot;, Valor = 1 }, Item { Nome = &quot;Item 102&quot;, Peso = 0,25, Tipo = &quot;D&quot;, Valor = 1 }, Item { Nome = &quot;Item 103&quot;, Peso = 0,25, Tipo = &quot;E&quot;, Valor = 1 }, ...], valorProduto: 6, pesoTotal: 1,5, valorFrete: 10, desconto: 0, valorTotal: 16)" computerName="DESKTOP-E2CJ3TF" duration="00:00:00.0000065" startTime="2023-06-08T17:13:28.0966131-03:00" endTime="2023-06-08T17:13:28.0966132-03:00" testType="13cdc9d9-ddb5-4fa4-a97d-d965ccfc6d4b" outcome="Passed" testListId="8c84fa94-04c1-424b-9868-57a2d4851a1d" relativeResultsDirectory="963f3826-572b-4bc7-900d-3dbdaf156d09" />
    <UnitTestResult executionId="bdc10696-cb35-47a7-a31d-ec9169301b12" testId="8732fa65-7b82-ef37-9c46-1e0ba2a3cf0b" testName="CarrinhoDeCompra.CarrinhoDeCompraProcessorTest.Should_Return_Peso_Total_Correto(itens: [Item { Nome = &quot;Item 91&quot;, Peso = 2, Tipo = &quot;A&quot;, Valor = 250 }, Item { Nome = &quot;Item 92&quot;, Peso = 2, Tipo = &quot;B&quot;, Valor = 250 }, Item { Nome = &quot;Item 93&quot;, Peso = 2, Tipo = &quot;C&quot;, Valor = 250 }, Item { Nome = &quot;Item 94&quot;, Peso = 2, Tipo = &quot;D&quot;, Valor = 250,1 }], valorProduto: 1000,1, pesoTotal: 8, valorFrete: 16, desconto: 200,02, valorTotal: 816,08)" computerName="DESKTOP-E2CJ3TF" duration="00:00:00.0000023" startTime="2023-06-08T17:13:28.0987826-03:00" endTime="2023-06-08T17:13:28.0987826-03:00" testType="13cdc9d9-ddb5-4fa4-a97d-d965ccfc6d4b" outcome="Passed" testListId="8c84fa94-04c1-424b-9868-57a2d4851a1d" relativeResultsDirectory="bdc10696-cb35-47a7-a31d-ec9169301b12" />
    <UnitTestResult executionId="32395ab0-2dac-4ec3-b840-a5a3b3046f49" testId="76f5d4e5-da83-67e0-22d7-438f07f5e637" testName="CarrinhoDeCompra.CarrinhoDeCompraProcessorTest.Should_Return_Valor_Produtos_Correto(itens: [Item { Nome = &quot;Item 31&quot;, Peso = 0,5, Tipo = &quot;A&quot;, Valor = 1 }, Item { Nome = &quot;Item 32&quot;, Peso = 0,5, Tipo = &quot;B&quot;, Valor = 1 }, Item { Nome = &quot;Item 33&quot;, Peso = 0,5, Tipo = &quot;C&quot;, Valor = 1 }, Item { Nome = &quot;Item 34&quot;, Peso = 0,6, Tipo = &quot;D&quot;, Valor = 1 }], valorProduto: 4, pesoTotal: 2,1, valorFrete: 4,2, desconto: 0, valorTotal: 8,2)" computerName="DESKTOP-E2CJ3TF" duration="00:00:00.0000027" startTime="2023-06-08T17:13:28.1010840-03:00" endTime="2023-06-08T17:13:28.1010841-03:00" testType="13cdc9d9-ddb5-4fa4-a97d-d965ccfc6d4b" outcome="Passed" testListId="8c84fa94-04c1-424b-9868-57a2d4851a1d" relativeResultsDirectory="32395ab0-2dac-4ec3-b840-a5a3b3046f49" />
    <UnitTestResult executionId="93954f87-a17c-496b-81b9-1729880e759d" testId="7124069c-4216-6c7a-6631-cac658853dff" testName="CarrinhoDeCompra.CarrinhoDeCompraProcessorTest.Should_Return_Valor_Desconto_Correto(itens: [Item { Nome = &quot;Item 27&quot;, Peso = 0,5, Tipo = &quot;A&quot;, Valor = 1 }, Item { Nome = &quot;Item 28&quot;, Peso = 0,5, Tipo = &quot;B&quot;, Valor = 1 }, Item { Nome = &quot;Item 29&quot;, Peso = 0,5, Tipo = &quot;C&quot;, Valor = 1 }, Item { Nome = &quot;Item 30&quot;, Peso = 0,5, Tipo = &quot;D&quot;, Valor = 1 }], valorProduto: 4, pesoTotal: 2, valorFrete: 0, desconto: 0, valorTotal: 4)" computerName="DESKTOP-E2CJ3TF" duration="00:00:00.0000040" startTime="2023-06-08T17:13:28.0996483-03:00" endTime="2023-06-08T17:13:28.0996484-03:00" testType="13cdc9d9-ddb5-4fa4-a97d-d965ccfc6d4b" outcome="Passed" testListId="8c84fa94-04c1-424b-9868-57a2d4851a1d" relativeResultsDirectory="93954f87-a17c-496b-81b9-1729880e759d" />
    <UnitTestResult executionId="8d2e2819-3ada-4b0d-888e-3b4c08cd0296" testId="efc8d863-29fd-7110-8abe-33440aad1c80" testName="CarrinhoDeCompra.CarrinhoDeCompraProcessorTest.Should_Return_Valor_Total_Correto(itens: [Item { Nome = &quot;Item 47&quot;, Peso = 12,5, Tipo = &quot;A&quot;, Valor = 1 }, Item { Nome = &quot;Item 48&quot;, Peso = 12,5, Tipo = &quot;B&quot;, Valor = 1 }, Item { Nome = &quot;Item 49&quot;, Peso = 12,5, Tipo = &quot;C&quot;, Valor = 1 }, Item { Nome = &quot;Item 50&quot;, Peso = 12,4, Tipo = &quot;D&quot;, Valor = 1 }], valorProduto: 4, pesoTotal: 49,9, valorFrete: 199,6, desconto: 0, valorTotal: 203,6)" computerName="DESKTOP-E2CJ3TF" duration="00:00:00.0000050" startTime="2023-06-08T17:13:28.0957839-03:00" endTime="2023-06-08T17:13:28.0957841-03:00" testType="13cdc9d9-ddb5-4fa4-a97d-d965ccfc6d4b" outcome="Passed" testListId="8c84fa94-04c1-424b-9868-57a2d4851a1d" relativeResultsDirectory="8d2e2819-3ada-4b0d-888e-3b4c08cd0296" />
    <UnitTestResult executionId="0f6f6a03-cc28-4d1b-b8e0-bc64ee334336" testId="efc8d863-29fd-7110-8abe-33440aad1c80" testName="CarrinhoDeCompra.CarrinhoDeCompraProcessorTest.Should_Return_Valor_Total_Correto(itens: [Item { Nome = &quot;Item 155&quot;, Peso = 15, Tipo = &quot;A&quot;, Valor = 1 }, Item { Nome = &quot;Item 156&quot;, Peso = 15, Tipo = &quot;B&quot;, Valor = 1 }, Item { Nome = &quot;Item 157&quot;, Peso = 15, Tipo = &quot;B&quot;, Valor = 1 }, Item { Nome = &quot;Item 158&quot;, Peso = 15, Tipo = &quot;B&quot;, Valor = 1 }], valorProduto: 4, pesoTotal: 60, valorFrete: 420, desconto: 21, valorTotal: 403)" computerName="DESKTOP-E2CJ3TF" duration="00:00:00.0000048" startTime="2023-06-08T17:13:28.0970161-03:00" endTime="2023-06-08T17:13:28.0970161-03:00" testType="13cdc9d9-ddb5-4fa4-a97d-d965ccfc6d4b" outcome="Passed" testListId="8c84fa94-04c1-424b-9868-57a2d4851a1d" relativeResultsDirectory="0f6f6a03-cc28-4d1b-b8e0-bc64ee334336" />
    <UnitTestResult executionId="f6706263-ba6a-4289-95ce-76424a8c1da5" testId="7124069c-4216-6c7a-6631-cac658853dff" testName="CarrinhoDeCompra.CarrinhoDeCompraProcessorTest.Should_Return_Valor_Desconto_Correto(itens: [Item { Nome = &quot;Item 39&quot;, Peso = 2,5, Tipo = &quot;A&quot;, Valor = 1 }, Item { Nome = &quot;Item 40&quot;, Peso = 2,5, Tipo = &quot;B&quot;, Valor = 1 }, Item { Nome = &quot;Item 41&quot;, Peso = 2,5, Tipo = &quot;C&quot;, Valor = 1 }, Item { Nome = &quot;Item 42&quot;, Peso = 2,5, Tipo = &quot;D&quot;, Valor = 1 }], valorProduto: 4, pesoTotal: 10, valorFrete: 20, desconto: 0, valorTotal: 24)" computerName="DESKTOP-E2CJ3TF" duration="00:00:00.0000044" startTime="2023-06-08T17:13:28.0999290-03:00" endTime="2023-06-08T17:13:28.0999291-03:00" testType="13cdc9d9-ddb5-4fa4-a97d-d965ccfc6d4b" outcome="Passed" testListId="8c84fa94-04c1-424b-9868-57a2d4851a1d" relativeResultsDirectory="f6706263-ba6a-4289-95ce-76424a8c1da5" />
    <UnitTestResult executionId="6c64bf1e-67ab-40bf-94ba-ab80329466bc" testId="72f32c27-98cb-c69e-3166-0cc4c145cb0c" testName="CarrinhoDeCompra.CarrinhoDeCompraProcessorTest.Should_Return_Frete_Correto(itens: [Item { Nome = &quot;Item 95&quot;, Peso = 0,25, Tipo = &quot;A&quot;, Valor = 1 }, Item { Nome = &quot;Item 96&quot;, Peso = 0,25, Tipo = &quot;B&quot;, Valor = 1 }, Item { Nome = &quot;Item 97&quot;, Peso = 0,25, Tipo = &quot;C&quot;, Valor = 1 }, Item { Nome = &quot;Item 98&quot;, Peso = 0,25, Tipo = &quot;D&quot;, Valor = 1 }], valorProduto: 4, pesoTotal: 1, valorFrete: 0, desconto: 0, valorTotal: 4)" computerName="DESKTOP-E2CJ3TF" duration="00:00:00.0000030" startTime="2023-06-08T17:13:28.1032093-03:00" endTime="2023-06-08T17:13:28.1032093-03:00" testType="13cdc9d9-ddb5-4fa4-a97d-d965ccfc6d4b" outcome="Passed" testListId="8c84fa94-04c1-424b-9868-57a2d4851a1d" relativeResultsDirectory="6c64bf1e-67ab-40bf-94ba-ab80329466bc" />
    <UnitTestResult executionId="2e2c5ccb-31ca-4971-b03b-67d05563af31" testId="7124069c-4216-6c7a-6631-cac658853dff" testName="CarrinhoDeCompra.CarrinhoDeCompraProcessorTest.Should_Return_Valor_Desconto_Correto(itens: [Item { Nome = &quot;Item 51&quot;, Peso = 12,5, Tipo = &quot;A&quot;, Valor = 1 }, Item { Nome = &quot;Item 52&quot;, Peso = 12,5, Tipo = &quot;B&quot;, Valor = 1 }, Item { Nome = &quot;Item 53&quot;, Peso = 12,5, Tipo = &quot;C&quot;, Valor = 1 }, Item { Nome = &quot;Item 54&quot;, Peso = 12,5, Tipo = &quot;D&quot;, Valor = 1 }], valorProduto: 4, pesoTotal: 50, valorFrete: 200, desconto: 0, valorTotal: 204)" computerName="DESKTOP-E2CJ3TF" duration="00:00:00.0000036" startTime="2023-06-08T17:13:28.0999742-03:00" endTime="2023-06-08T17:13:28.0999743-03:00" testType="13cdc9d9-ddb5-4fa4-a97d-d965ccfc6d4b" outcome="Passed" testListId="8c84fa94-04c1-424b-9868-57a2d4851a1d" relativeResultsDirectory="2e2c5ccb-31ca-4971-b03b-67d05563af31" />
    <UnitTestResult executionId="a6e71022-32f7-4e39-a106-e17fee2472a7" testId="72f32c27-98cb-c69e-3166-0cc4c145cb0c" testName="CarrinhoDeCompra.CarrinhoDeCompraProcessorTest.Should_Return_Frete_Correto(itens: [Item { Nome = &quot;Item 119&quot;, Peso = 2, Tipo = &quot;A&quot;, Valor = 1 }, Item { Nome = &quot;Item 120&quot;, Peso = 2, Tipo = &quot;B&quot;, Valor = 1 }, Item { Nome = &quot;Item 121&quot;, Peso = 2, Tipo = &quot;C&quot;, Valor = 1 }, Item { Nome = &quot;Item 122&quot;, Peso = 2, Tipo = &quot;D&quot;, Valor = 1 }, Item { Nome = &quot;Item 123&quot;, Peso = 2, Tipo = &quot;E&quot;, Valor = 1 }, ...], valorProduto: 6, pesoTotal: 12, valorFrete: 58, desconto: 0, valorTotal: 64)" computerName="DESKTOP-E2CJ3TF" duration="00:00:00.0000030" startTime="2023-06-08T17:13:28.1032707-03:00" endTime="2023-06-08T17:13:28.1032707-03:00" testType="13cdc9d9-ddb5-4fa4-a97d-d965ccfc6d4b" outcome="Passed" testListId="8c84fa94-04c1-424b-9868-57a2d4851a1d" relativeResultsDirectory="a6e71022-32f7-4e39-a106-e17fee2472a7" />
    <UnitTestResult executionId="5e66e73d-3f7b-430d-ba9a-4be491fed4ff" testId="76f5d4e5-da83-67e0-22d7-438f07f5e637" testName="CarrinhoDeCompra.CarrinhoDeCompraProcessorTest.Should_Return_Valor_Produtos_Correto(itens: [Item { Nome = &quot;Item 87&quot;, Peso = 2, Tipo = &quot;A&quot;, Valor = 250 }, Item { Nome = &quot;Item 88&quot;, Peso = 2, Tipo = &quot;B&quot;, Valor = 250 }, Item { Nome = &quot;Item 89&quot;, Peso = 2, Tipo = &quot;C&quot;, Valor = 250 }, Item { Nome = &quot;Item 90&quot;, Peso = 2, Tipo = &quot;D&quot;, Valor = 250 }], valorProduto: 1000, pesoTotal: 8, valorFrete: 16, desconto: 100, valorTotal: 916)" computerName="DESKTOP-E2CJ3TF" duration="00:00:00.0000020" startTime="2023-06-08T17:13:28.1017893-03:00" endTime="2023-06-08T17:13:28.1017893-03:00" testType="13cdc9d9-ddb5-4fa4-a97d-d965ccfc6d4b" outcome="Passed" testListId="8c84fa94-04c1-424b-9868-57a2d4851a1d" relativeResultsDirectory="5e66e73d-3f7b-430d-ba9a-4be491fed4ff" />
    <UnitTestResult executionId="0b8b97fd-6522-46e2-98f0-bb0ac77ead20" testId="72f32c27-98cb-c69e-3166-0cc4c145cb0c" testName="CarrinhoDeCompra.CarrinhoDeCompraProcessorTest.Should_Return_Frete_Correto(itens: [Item { Nome = &quot;Item 131&quot;, Peso = 5, Tipo = &quot;A&quot;, Valor = 1 }, Item { Nome = &quot;Item 132&quot;, Peso = 5, Tipo = &quot;B&quot;, Valor = 1 }, Item { Nome = &quot;Item 133&quot;, Peso = 5, Tipo = &quot;C&quot;, Valor = 1 }, Item { Nome = &quot;Item 134&quot;, Peso = 5, Tipo = &quot;D&quot;, Valor = 1 }], valorProduto: 4, pesoTotal: 20, valorFrete: 80, desconto: 0, valorTotal: 84)" computerName="DESKTOP-E2CJ3TF" duration="00:00:00.0000046" startTime="2023-06-08T17:13:28.1033043-03:00" endTime="2023-06-08T17:13:28.1033043-03:00" testType="13cdc9d9-ddb5-4fa4-a97d-d965ccfc6d4b" outcome="Passed" testListId="8c84fa94-04c1-424b-9868-57a2d4851a1d" relativeResultsDirectory="0b8b97fd-6522-46e2-98f0-bb0ac77ead20" />
    <UnitTestResult executionId="5500a1fa-750d-4766-8aff-e8fc06c1a1ea" testId="76f5d4e5-da83-67e0-22d7-438f07f5e637" testName="CarrinhoDeCompra.CarrinhoDeCompraProcessorTest.Should_Return_Valor_Produtos_Correto(itens: [Item { Nome = &quot;Item 91&quot;, Peso = 2, Tipo = &quot;A&quot;, Valor = 250 }, Item { Nome = &quot;Item 92&quot;, Peso = 2, Tipo = &quot;B&quot;, Valor = 250 }, Item { Nome = &quot;Item 93&quot;, Peso = 2, Tipo = &quot;C&quot;, Valor = 250 }, Item { Nome = &quot;Item 94&quot;, Peso = 2, Tipo = &quot;D&quot;, Valor = 250,1 }], valorProduto: 1000,1, pesoTotal: 8, valorFrete: 16, desconto: 200,02, valorTotal: 816,08)" computerName="DESKTOP-E2CJ3TF" duration="00:00:00.0000020" startTime="2023-06-08T17:13:28.1018002-03:00" endTime="2023-06-08T17:13:28.1018002-03:00" testType="13cdc9d9-ddb5-4fa4-a97d-d965ccfc6d4b" outcome="Passed" testListId="8c84fa94-04c1-424b-9868-57a2d4851a1d" relativeResultsDirectory="5500a1fa-750d-4766-8aff-e8fc06c1a1ea" />
    <UnitTestResult executionId="4fa19a52-c633-4f0e-86bb-0e123a590136" testId="efc8d863-29fd-7110-8abe-33440aad1c80" testName="CarrinhoDeCompra.CarrinhoDeCompraProcessorTest.Should_Return_Valor_Total_Correto(itens: [Item { Nome = &quot;Item 43&quot;, Peso = 2,5, Tipo = &quot;A&quot;, Valor = 1 }, Item { Nome = &quot;Item 44&quot;, Peso = 2,5, Tipo = &quot;B&quot;, Valor = 1 }, Item { Nome = &quot;Item 45&quot;, Peso = 2,5, Tipo = &quot;C&quot;, Valor = 1 }, Item { Nome = &quot;Item 46&quot;, Peso = 2,6, Tipo = &quot;D&quot;, Valor = 1 }], valorProduto: 4, pesoTotal: 10,1, valorFrete: 40,4, desconto: 0, valorTotal: 44,4)" computerName="DESKTOP-E2CJ3TF" duration="00:00:00.0000053" startTime="2023-06-08T17:13:28.0663633-03:00" endTime="2023-06-08T17:13:28.0663633-03:00" testType="13cdc9d9-ddb5-4fa4-a97d-d965ccfc6d4b" outcome="Passed" testListId="8c84fa94-04c1-424b-9868-57a2d4851a1d" relativeResultsDirectory="4fa19a52-c633-4f0e-86bb-0e123a590136" />
    <UnitTestResult executionId="9af05792-4e83-4ebc-a97e-374c0eb6c509" testId="7124069c-4216-6c7a-6631-cac658853dff" testName="CarrinhoDeCompra.CarrinhoDeCompraProcessorTest.Should_Return_Valor_Desconto_Correto(itens: [Item { Nome = &quot;Item 131&quot;, Peso = 5, Tipo = &quot;A&quot;, Valor = 1 }, Item { Nome = &quot;Item 132&quot;, Peso = 5, Tipo = &quot;B&quot;, Valor = 1 }, Item { Nome = &quot;Item 133&quot;, Peso = 5, Tipo = &quot;C&quot;, Valor = 1 }, Item { Nome = &quot;Item 134&quot;, Peso = 5, Tipo = &quot;D&quot;, Valor = 1 }], valorProduto: 4, pesoTotal: 20, valorFrete: 80, desconto: 0, valorTotal: 84)" computerName="DESKTOP-E2CJ3TF" duration="00:00:00.0000044" startTime="2023-06-08T17:13:28.1006553-03:00" endTime="2023-06-08T17:13:28.1006553-03:00" testType="13cdc9d9-ddb5-4fa4-a97d-d965ccfc6d4b" outcome="Passed" testListId="8c84fa94-04c1-424b-9868-57a2d4851a1d" relativeResultsDirectory="9af05792-4e83-4ebc-a97e-374c0eb6c509" />
    <UnitTestResult executionId="b4d65104-7ca3-4ef4-88ee-ce8a791fd006" testId="efc8d863-29fd-7110-8abe-33440aad1c80" testName="CarrinhoDeCompra.CarrinhoDeCompraProcessorTest.Should_Return_Valor_Total_Correto(itens: [Item { Nome = &quot;Item 31&quot;, Peso = 0,5, Tipo = &quot;A&quot;, Valor = 1 }, Item { Nome = &quot;Item 32&quot;, Peso = 0,5, Tipo = &quot;B&quot;, Valor = 1 }, Item { Nome = &quot;Item 33&quot;, Peso = 0,5, Tipo = &quot;C&quot;, Valor = 1 }, Item { Nome = &quot;Item 34&quot;, Peso = 0,6, Tipo = &quot;D&quot;, Valor = 1 }], valorProduto: 4, pesoTotal: 2,1, valorFrete: 4,2, desconto: 0, valorTotal: 8,2)" computerName="DESKTOP-E2CJ3TF" duration="00:00:00.0000050" startTime="2023-06-08T17:13:28.0663230-03:00" endTime="2023-06-08T17:13:28.0663230-03:00" testType="13cdc9d9-ddb5-4fa4-a97d-d965ccfc6d4b" outcome="Passed" testListId="8c84fa94-04c1-424b-9868-57a2d4851a1d" relativeResultsDirectory="b4d65104-7ca3-4ef4-88ee-ce8a791fd006" />
    <UnitTestResult executionId="016a4a34-26c8-4392-a114-c70e073f03cb" testId="efc8d863-29fd-7110-8abe-33440aad1c80" testName="CarrinhoDeCompra.CarrinhoDeCompraProcessorTest.Should_Return_Valor_Total_Correto(itens: [Item { Nome = &quot;Item 145&quot;, Peso = 5, Tipo = &quot;A&quot;, Valor = 1 }, Item { Nome = &quot;Item 146&quot;, Peso = 5, Tipo = &quot;A&quot;, Valor = 1 }, Item { Nome = &quot;Item 147&quot;, Peso = 5, Tipo = &quot;A&quot;, Valor = 1 }, Item { Nome = &quot;Item 148&quot;, Peso = 5, Tipo = &quot;D&quot;, Valor = 1 }, Item { Nome = &quot;Item 149&quot;, Peso = 5, Tipo = &quot;E&quot;, Valor = 1 }, ...], valorProduto: 6, pesoTotal: 30, valorFrete: 130, desconto: 6,5, valorTotal: 129,5)" computerName="DESKTOP-E2CJ3TF" duration="00:00:00.0000074" startTime="2023-06-08T17:13:28.0969942-03:00" endTime="2023-06-08T17:13:28.0969942-03:00" testType="13cdc9d9-ddb5-4fa4-a97d-d965ccfc6d4b" outcome="Passed" testListId="8c84fa94-04c1-424b-9868-57a2d4851a1d" relativeResultsDirectory="016a4a34-26c8-4392-a114-c70e073f03cb" />
    <UnitTestResult executionId="1977e317-35c7-4aac-a3fc-2ee8ec7e8cad" testId="8732fa65-7b82-ef37-9c46-1e0ba2a3cf0b" testName="CarrinhoDeCompra.CarrinhoDeCompraProcessorTest.Should_Return_Peso_Total_Correto(itens: [Item { Nome = &quot;Item 145&quot;, Peso = 5, Tipo = &quot;A&quot;, Valor = 1 }, Item { Nome = &quot;Item 146&quot;, Peso = 5, Tipo = &quot;A&quot;, Valor = 1 }, Item { Nome = &quot;Item 147&quot;, Peso = 5, Tipo = &quot;A&quot;, Valor = 1 }, Item { Nome = &quot;Item 148&quot;, Peso = 5, Tipo = &quot;D&quot;, Valor = 1 }, Item { Nome = &quot;Item 149&quot;, Peso = 5, Tipo = &quot;E&quot;, Valor = 1 }, ...], valorProduto: 6, pesoTotal: 30, valorFrete: 130, desconto: 6,5, valorTotal: 129,5)" computerName="DESKTOP-E2CJ3TF" duration="00:00:00.0000024" startTime="2023-06-08T17:13:28.0991874-03:00" endTime="2023-06-08T17:13:28.0991874-03:00" testType="13cdc9d9-ddb5-4fa4-a97d-d965ccfc6d4b" outcome="Passed" testListId="8c84fa94-04c1-424b-9868-57a2d4851a1d" relativeResultsDirectory="1977e317-35c7-4aac-a3fc-2ee8ec7e8cad" />
    <UnitTestResult executionId="aa3a9722-f2d2-475c-8ba0-6aaab0bb09fb" testId="76f5d4e5-da83-67e0-22d7-438f07f5e637" testName="CarrinhoDeCompra.CarrinhoDeCompraProcessorTest.Should_Return_Valor_Produtos_Correto(itens: [Item { Nome = &quot;Item 165&quot;, Peso = 15, Tipo = &quot;A&quot;, Valor = 1 }, Item { Nome = &quot;Item 166&quot;, Peso = 15, Tipo = &quot;A&quot;, Valor = 1 }, Item { Nome = &quot;Item 167&quot;, Peso = 15, Tipo = &quot;A&quot;, Valor = 1 }, Item { Nome = &quot;Item 168&quot;, Peso = 15, Tipo = &quot;D&quot;, Valor = 1 }, Item { Nome = &quot;Item 169&quot;, Peso = 15, Tipo = &quot;E&quot;, Valor = 1 }, ...], valorProduto: 6, pesoTotal: 90, valorFrete: 640, desconto: 32, valorTotal: 614)" computerName="DESKTOP-E2CJ3TF" duration="00:00:00.0000023" startTime="2023-06-08T17:13:28.1022269-03:00" endTime="2023-06-08T17:13:28.1022269-03:00" testType="13cdc9d9-ddb5-4fa4-a97d-d965ccfc6d4b" outcome="Passed" testListId="8c84fa94-04c1-424b-9868-57a2d4851a1d" relativeResultsDirectory="aa3a9722-f2d2-475c-8ba0-6aaab0bb09fb" />
    <UnitTestResult executionId="88350431-99cf-4029-8449-f0aa43cce9ac" testId="7124069c-4216-6c7a-6631-cac658853dff" testName="CarrinhoDeCompra.CarrinhoDeCompraProcessorTest.Should_Return_Valor_Desconto_Correto(itens: [Item { Nome = &quot;Item 31&quot;, Peso = 0,5, Tipo = &quot;A&quot;, Valor = 1 }, Item { Nome = &quot;Item 32&quot;, Peso = 0,5, Tipo = &quot;B&quot;, Valor = 1 }, Item { Nome = &quot;Item 33&quot;, Peso = 0,5, Tipo = &quot;C&quot;, Valor = 1 }, Item { Nome = &quot;Item 34&quot;, Peso = 0,6, Tipo = &quot;D&quot;, Valor = 1 }], valorProduto: 4, pesoTotal: 2,1, valorFrete: 4,2, desconto: 0, valorTotal: 8,2)" computerName="DESKTOP-E2CJ3TF" duration="00:00:00.0000037" startTime="2023-06-08T17:13:28.0999033-03:00" endTime="2023-06-08T17:13:28.0999033-03:00" testType="13cdc9d9-ddb5-4fa4-a97d-d965ccfc6d4b" outcome="Passed" testListId="8c84fa94-04c1-424b-9868-57a2d4851a1d" relativeResultsDirectory="88350431-99cf-4029-8449-f0aa43cce9ac" />
    <UnitTestResult executionId="89bffb1d-00b8-45a6-bf30-e70cf7cec3ad" testId="efc8d863-29fd-7110-8abe-33440aad1c80" testName="CarrinhoDeCompra.CarrinhoDeCompraProcessorTest.Should_Return_Valor_Total_Correto(itens: [Item { Nome = &quot;Item 87&quot;, Peso = 2, Tipo = &quot;A&quot;, Valor = 250 }, Item { Nome = &quot;Item 88&quot;, Peso = 2, Tipo = &quot;B&quot;, Valor = 250 }, Item { Nome = &quot;Item 89&quot;, Peso = 2, Tipo = &quot;C&quot;, Valor = 250 }, Item { Nome = &quot;Item 90&quot;, Peso = 2, Tipo = &quot;D&quot;, Valor = 250 }], valorProduto: 1000, pesoTotal: 8, valorFrete: 16, desconto: 100, valorTotal: 916)" computerName="DESKTOP-E2CJ3TF" duration="00:00:00.0000054" startTime="2023-06-08T17:13:28.0965418-03:00" endTime="2023-06-08T17:13:28.0965420-03:00" testType="13cdc9d9-ddb5-4fa4-a97d-d965ccfc6d4b" outcome="Passed" testListId="8c84fa94-04c1-424b-9868-57a2d4851a1d" relativeResultsDirectory="89bffb1d-00b8-45a6-bf30-e70cf7cec3ad" />
    <UnitTestResult executionId="8152e0c9-efd5-4eb0-8d8f-cd2bda90f3b2" testId="efc8d863-29fd-7110-8abe-33440aad1c80" testName="CarrinhoDeCompra.CarrinhoDeCompraProcessorTest.Should_Return_Valor_Total_Correto(itens: [Item { Nome = &quot;Item 131&quot;, Peso = 5, Tipo = &quot;A&quot;, Valor = 1 }, Item { Nome = &quot;Item 132&quot;, Peso = 5, Tipo = &quot;B&quot;, Valor = 1 }, Item { Nome = &quot;Item 133&quot;, Peso = 5, Tipo = &quot;C&quot;, Valor = 1 }, Item { Nome = &quot;Item 134&quot;, Peso = 5, Tipo = &quot;D&quot;, Valor = 1 }], valorProduto: 4, pesoTotal: 20, valorFrete: 80, desconto: 0, valorTotal: 84)" computerName="DESKTOP-E2CJ3TF" duration="00:00:00.0000049" startTime="2023-06-08T17:13:28.0966837-03:00" endTime="2023-06-08T17:13:28.0966837-03:00" testType="13cdc9d9-ddb5-4fa4-a97d-d965ccfc6d4b" outcome="Passed" testListId="8c84fa94-04c1-424b-9868-57a2d4851a1d" relativeResultsDirectory="8152e0c9-efd5-4eb0-8d8f-cd2bda90f3b2" />
    <UnitTestResult executionId="7ba4f9ec-d11d-4f66-b0ab-96822f468067" testId="76f5d4e5-da83-67e0-22d7-438f07f5e637" testName="CarrinhoDeCompra.CarrinhoDeCompraProcessorTest.Should_Return_Valor_Produtos_Correto(itens: [Item { Nome = &quot;Item 59&quot;, Peso = 2, Tipo = &quot;A&quot;, Valor = 1 }, Item { Nome = &quot;Item 60&quot;, Peso = 2, Tipo = &quot;A&quot;, Valor = 1 }, Item { Nome = &quot;Item 61&quot;, Peso = 2, Tipo = &quot;B&quot;, Valor = 1 }, Item { Nome = &quot;Item 62&quot;, Peso = 2, Tipo = &quot;B&quot;, Valor = 1 }], valorProduto: 4, pesoTotal: 8, valorFrete: 16, desconto: 0, valorTotal: 20)" computerName="DESKTOP-E2CJ3TF" duration="00:00:00.0000026" startTime="2023-06-08T17:13:28.1014399-03:00" endTime="2023-06-08T17:13:28.1014399-03:00" testType="13cdc9d9-ddb5-4fa4-a97d-d965ccfc6d4b" outcome="Passed" testListId="8c84fa94-04c1-424b-9868-57a2d4851a1d" relativeResultsDirectory="7ba4f9ec-d11d-4f66-b0ab-96822f468067" />
    <UnitTestResult executionId="77c21d45-c341-4adb-a9df-e04d213c49ce" testId="76f5d4e5-da83-67e0-22d7-438f07f5e637" testName="CarrinhoDeCompra.CarrinhoDeCompraProcessorTest.Should_Return_Valor_Produtos_Correto(itens: [Item { Nome = &quot;Item 95&quot;, Peso = 0,25, Tipo = &quot;A&quot;, Valor = 1 }, Item { Nome = &quot;Item 96&quot;, Peso = 0,25, Tipo = &quot;B&quot;, Valor = 1 }, Item { Nome = &quot;Item 97&quot;, Peso = 0,25, Tipo = &quot;C&quot;, Valor = 1 }, Item { Nome = &quot;Item 98&quot;, Peso = 0,25, Tipo = &quot;D&quot;, Valor = 1 }], valorProduto: 4, pesoTotal: 1, valorFrete: 0, desconto: 0, valorTotal: 4)" computerName="DESKTOP-E2CJ3TF" duration="00:00:00.0000020" startTime="2023-06-08T17:13:28.1018108-03:00" endTime="2023-06-08T17:13:28.1018109-03:00" testType="13cdc9d9-ddb5-4fa4-a97d-d965ccfc6d4b" outcome="Passed" testListId="8c84fa94-04c1-424b-9868-57a2d4851a1d" relativeResultsDirectory="77c21d45-c341-4adb-a9df-e04d213c49ce" />
    <UnitTestResult executionId="2b7490cf-0f1e-4619-afba-dac61e4846a5" testId="76f5d4e5-da83-67e0-22d7-438f07f5e637" testName="CarrinhoDeCompra.CarrinhoDeCompraProcessorTest.Should_Return_Valor_Produtos_Correto(itens: [Item { Nome = &quot;Item 67&quot;, Peso = 2, Tipo = &quot;B&quot;, Valor = 1 }, Item { Nome = &quot;Item 68&quot;, Peso = 2, Tipo = &quot;B&quot;, Valor = 1 }, Item { Nome = &quot;Item 69&quot;, Peso = 2, Tipo = &quot;B&quot;, Valor = 1 }, Item { Nome = &quot;Item 70&quot;, Peso = 2, Tipo = &quot;B&quot;, Valor = 1 }], valorProduto: 4, pesoTotal: 8, valorFrete: 16, desconto: 0,8, valorTotal: 19,2)" computerName="DESKTOP-E2CJ3TF" duration="00:00:00.0000022" startTime="2023-06-08T17:13:28.1014634-03:00" endTime="2023-06-08T17:13:28.1014634-03:00" testType="13cdc9d9-ddb5-4fa4-a97d-d965ccfc6d4b" outcome="Passed" testListId="8c84fa94-04c1-424b-9868-57a2d4851a1d" relativeResultsDirectory="2b7490cf-0f1e-4619-afba-dac61e4846a5" />
    <UnitTestResult executionId="847d07b9-afc6-4349-a2fb-248419e54b01" testId="efc8d863-29fd-7110-8abe-33440aad1c80" testName="CarrinhoDeCompra.CarrinhoDeCompraProcessorTest.Should_Return_Valor_Total_Correto(itens: [Item { Nome = &quot;Item 119&quot;, Peso = 2, Tipo = &quot;A&quot;, Valor = 1 }, Item { Nome = &quot;Item 120&quot;, Peso = 2, Tipo = &quot;B&quot;, Valor = 1 }, Item { Nome = &quot;Item 121&quot;, Peso = 2, Tipo = &quot;C&quot;, Valor = 1 }, Item { Nome = &quot;Item 122&quot;, Peso = 2, Tipo = &quot;D&quot;, Valor = 1 }, Item { Nome = &quot;Item 123&quot;, Peso = 2, Tipo = &quot;E&quot;, Valor = 1 }, ...], valorProduto: 6, pesoTotal: 12, valorFrete: 58, desconto: 0, valorTotal: 64)" computerName="DESKTOP-E2CJ3TF" duration="00:00:00.0000056" startTime="2023-06-08T17:13:28.0966615-03:00" endTime="2023-06-08T17:13:28.0966615-03:00" testType="13cdc9d9-ddb5-4fa4-a97d-d965ccfc6d4b" outcome="Passed" testListId="8c84fa94-04c1-424b-9868-57a2d4851a1d" relativeResultsDirectory="847d07b9-afc6-4349-a2fb-248419e54b01" />
    <UnitTestResult executionId="35141148-6c77-44cc-a8f9-5a0d7ec57f1b" testId="8732fa65-7b82-ef37-9c46-1e0ba2a3cf0b" testName="CarrinhoDeCompra.CarrinhoDeCompraProcessorTest.Should_Return_Peso_Total_Correto(itens: [Item { Nome = &quot;Item 6&quot;, Peso = 1, Tipo = &quot;A&quot;, Valor = 1 }, Item { Nome = &quot;Item 7&quot;, Peso = 1, Tipo = &quot;B&quot;, Valor = 1 }, Item { Nome = &quot;Item 8&quot;, Peso = 1, Tipo = &quot;C&quot;, Valor = 1 }, Item { Nome = &quot;Item 9&quot;, Peso = 1, Tipo = &quot;D&quot;, Valor = 1 }, Item { Nome = &quot;Item 10&quot;, Peso = 1, Tipo = &quot;E&quot;, Valor = 1 }, ...], valorProduto: 6, pesoTotal: 6, valorFrete: 22, desconto: 0, valorTotal: 28)" computerName="DESKTOP-E2CJ3TF" duration="00:00:00.0001663" startTime="2023-06-08T17:13:28.0979810-03:00" endTime="2023-06-08T17:13:28.0979811-03:00" testType="13cdc9d9-ddb5-4fa4-a97d-d965ccfc6d4b" outcome="Passed" testListId="8c84fa94-04c1-424b-9868-57a2d4851a1d" relativeResultsDirectory="35141148-6c77-44cc-a8f9-5a0d7ec57f1b" />
[...]
    <TestEntry testId="efc8d863-29fd-7110-8abe-33440aad1c80" executionId="016a4a34-26c8-4392-a114-c70e073f03cb" testListId="8c84fa94-04c1-424b-9868-57a2d4851a1d" />
    <TestEntry testId="8732fa65-7b82-ef37-9c46-1e0ba2a3cf0b" executionId="1977e317-35c7-4aac-a3fc-2ee8ec7e8cad" testListId="8c84fa94-04c1-424b-9868-57a2d4851a1d" />
    <TestEntry testId="76f5d4e5-da83-67e0-22d7-438f07f5e637" executionId="aa3a9722-f2d2-475c-8ba0-6aaab0bb09fb" testListId="8c84fa94-04c1-424b-9868-57a2d4851a1d" />
    <TestEntry testId="7124069c-4216-6c7a-6631-cac658853dff" executionId="88350431-99cf-4029-8449-f0aa43cce9ac" testListId="8c84fa94-04c1-424b-9868-57a2d4851a1d" />
    <TestEntry testId="efc8d863-29fd-7110-8abe-33440aad1c80" executionId="89bffb1d-00b8-45a6-bf30-e70cf7cec3ad" testListId="8c84fa94-04c1-424b-9868-57a2d4851a1d" />
    <TestEntry testId="efc8d863-29fd-7110-8abe-33440aad1c80" executionId="8152e0c9-efd5-4eb0-8d8f-cd2bda90f3b2" testListId="8c84fa94-04c1-424b-9868-57a2d4851a1d" />
    <TestEntry testId="76f5d4e5-da83-67e0-22d7-438f07f5e637" executionId="7ba4f9ec-d11d-4f66-b0ab-96822f468067" testListId="8c84fa94-04c1-424b-9868-57a2d4851a1d" />
    <TestEntry testId="76f5d4e5-da83-67e0-22d7-438f07f5e637" executionId="77c21d45-c341-4adb-a9df-e04d213c49ce" testListId="8c84fa94-04c1-424b-9868-57a2d4851a1d" />
    <TestEntry testId="76f5d4e5-da83-67e0-22d7-438f07f5e637" executionId="2b7490cf-0f1e-4619-afba-dac61e4846a5" testListId="8c84fa94-04c1-424b-9868-57a2d4851a1d" />
    <TestEntry testId="efc8d863-29fd-7110-8abe-33440aad1c80" executionId="847d07b9-afc6-4349-a2fb-248419e54b01" testListId="8c84fa94-04c1-424b-9868-57a2d4851a1d" />
    <TestEntry testId="8732fa65-7b82-ef37-9c46-1e0ba2a3cf0b" executionId="35141148-6c77-44cc-a8f9-5a0d7ec57f1b" testListId="8c84fa94-04c1-424b-9868-57a2d4851a1d" />
    <TestEntry testId="7124069c-4216-6c7a-6631-cac658853dff" executionId="61eea280-01ec-4b4e-818f-19da8af72acb" testListId="8c84fa94-04c1-424b-9868-57a2d4851a1d" />
    <TestEntry testId="efc8d863-29fd-7110-8abe-33440aad1c80" executionId="aee058e0-499d-4c9a-9445-af7c1f0d2fc0" testListId="8c84fa94-04c1-424b-9868-57a2d4851a1d" />
    <TestEntry testId="76f5d4e5-da83-67e0-22d7-438f07f5e637" executionId="dd805a8b-7108-4939-a468-dddf3d4860b6" testListId="8c84fa94-04c1-424b-9868-57a2d4851a1d" />
    <TestEntry testId="7124069c-4216-6c7a-6631-cac658853dff" executionId="6747fb35-9b72-4c75-b5f3-ece2b969f0ac" testListId="8c84fa94-04c1-424b-9868-57a2d4851a1d" />
    <TestEntry testId="7124069c-4216-6c7a-6631-cac658853dff" executionId="bf37fb05-84d6-4406-8df4-703f87cdab39" testListId="8c84fa94-04c1-424b-9868-57a2d4851a1d" />
    <TestEntry testId="72f32c27-98cb-c69e-3166-0cc4c145cb0c" executionId="b795609c-4e39-4a1c-b5d8-54263233893e" testListId="8c84fa94-04c1-424b-9868-57a2d4851a1d" />
    <TestEntry testId="72f32c27-98cb-c69e-3166-0cc4c145cb0c" executionId="fd113fb4-9f19-40d3-a8fb-0f639834cc4b" testListId="8c84fa94-04c1-424b-9868-57a2d4851a1d" />
    <TestEntry testId="76f5d4e5-da83-67e0-22d7-438f07f5e637" executionId="abe5a86a-ab8e-4df6-abc5-e040798c44c0" testListId="8c84fa94-04c1-424b-9868-57a2d4851a1d" />
    <TestEntry testId="76f5d4e5-da83-67e0-22d7-438f07f5e637" executionId="952b1d1e-6b3e-48e6-8f67-184bd36dc64e" testListId="8c84fa94-04c1-424b-9868-57a2d4851a1d" />
    <TestEntry testId="72f32c27-98cb-c69e-3166-0cc4c145cb0c" executionId="5f662638-8bbe-489d-9b4e-8bf4724c162f" testListId="8c84fa94-04c1-424b-9868-57a2d4851a1d" />
    <TestEntry testId="76f5d4e5-da83-67e0-22d7-438f07f5e637" executionId="46e0e2b0-ddce-4449-a513-8266afa1d0be" testListId="8c84fa94-04c1-424b-9868-57a2d4851a1d" />
    <TestEntry testId="72f32c27-98cb-c69e-3166-0cc4c145cb0c" executionId="264e24e5-c8ec-43f0-b0e7-22761353c3f3" testListId="8c84fa94-04c1-424b-9868-57a2d4851a1d" />
    <TestEntry testId="76f5d4e5-da83-67e0-22d7-438f07f5e637" executionId="8ad2d711-8dd1-4ebc-9d81-0912fd3556f6" testListId="8c84fa94-04c1-424b-9868-57a2d4851a1d" />
    <TestEntry testId="8732fa65-7b82-ef37-9c46-1e0ba2a3cf0b" executionId="9e242421-1bb2-43e7-9cb0-17d50cc07f15" testListId="8c84fa94-04c1-424b-9868-57a2d4851a1d" />
    <TestEntry testId="72f32c27-98cb-c69e-3166-0cc4c145cb0c" executionId="9402c4f1-ab06-423f-bdf5-ff24a02fefbe" testListId="8c84fa94-04c1-424b-9868-57a2d4851a1d" />
    <TestEntry testId="efc8d863-29fd-7110-8abe-33440aad1c80" executionId="af7be079-46bc-4538-8ffd-d620c5f32971" testListId="8c84fa94-04c1-424b-9868-57a2d4851a1d" />
    <TestEntry testId="8732fa65-7b82-ef37-9c46-1e0ba2a3cf0b" executionId="9ea63db6-e0d6-4b36-9c30-955573d253d4" testListId="8c84fa94-04c1-424b-9868-57a2d4851a1d" />
    <TestEntry testId="8732fa65-7b82-ef37-9c46-1e0ba2a3cf0b" executionId="e03fd45b-4b31-4d72-8947-4419e1b04015" testListId="8c84fa94-04c1-424b-9868-57a2d4851a1d" />
    <TestEntry testId="efc8d863-29fd-7110-8abe-33440aad1c80" executionId="23fad2f6-7cbe-4171-8cda-6ef1665d054d" testListId="8c84fa94-04c1-424b-9868-57a2d4851a1d" />
    <TestEntry testId="7124069c-4216-6c7a-6631-cac658853dff" executionId="fd843619-94d5-4698-8e53-061c372db484" testListId="8c84fa94-04c1-424b-9868-57a2d4851a1d" />
    <TestEntry testId="8732fa65-7b82-ef37-9c46-1e0ba2a3cf0b" executionId="a943f746-c4cf-4bf4-9f12-0c775668b559" testListId="8c84fa94-04c1-424b-9868-57a2d4851a1d" />
    <TestEntry testId="efc8d863-29fd-7110-8abe-33440aad1c80" executionId="7458319c-4a2c-4201-982b-c185f5178878" testListId="8c84fa94-04c1-424b-9868-57a2d4851a1d" />
    <TestEntry testId="efc8d863-29fd-7110-8abe-33440aad1c80" executionId="bf420e12-0857-44ba-a197-d18cf15a127f" testListId="8c84fa94-04c1-424b-9868-57a2d4851a1d" />
    <TestEntry testId="8732fa65-7b82-ef37-9c46-1e0ba2a3cf0b" executionId="4db0bf8d-cd55-4f4e-ad5d-3e6cac1f7207" testListId="8c84fa94-04c1-424b-9868-57a2d4851a1d" />
    <TestEntry testId="8732fa65-7b82-ef37-9c46-1e0ba2a3cf0b" executionId="d9c32007-dcfc-4ae6-9de9-0377d5940b9e" testListId="8c84fa94-04c1-424b-9868-57a2d4851a1d" />
    <TestEntry testId="8732fa65-7b82-ef37-9c46-1e0ba2a3cf0b" executionId="e01cbd62-ec66-443d-867e-80b640f66cec" testListId="8c84fa94-04c1-424b-9868-57a2d4851a1d" />
    <TestEntry testId="8732fa65-7b82-ef37-9c46-1e0ba2a3cf0b" executionId="97d41470-86c9-46b4-9453-5a03d914edf1" testListId="8c84fa94-04c1-424b-9868-57a2d4851a1d" />
    <TestEntry testId="72f32c27-98cb-c69e-3166-0cc4c145cb0c" executionId="87f4a619-0ab9-45f2-b0d7-a351d69e5f57" testListId="8c84fa94-04c1-424b-9868-57a2d4851a1d" />
    <TestEntry testId="efc8d863-29fd-7110-8abe-33440aad1c80" executionId="8eb31d35-52d8-4d0c-a703-6c5dac9b6445" testListId="8c84fa94-04c1-424b-9868-57a2d4851a1d" />
    <TestEntry testId="72f32c27-98cb-c69e-3166-0cc4c145cb0c" executionId="59b2d31f-681d-4eb7-9471-426b334e501b" testListId="8c84fa94-04c1-424b-9868-57a2d4851a1d" />
    <TestEntry testId="efc8d863-29fd-7110-8abe-33440aad1c80" executionId="d77cb33b-c629-4870-b893-b10364e905a6" testListId="8c84fa94-04c1-424b-9868-57a2d4851a1d" />
    <TestEntry testId="72f32c27-98cb-c69e-3166-0cc4c145cb0c" executionId="350f1f4a-662b-48d3-8719-f14481af8f49" testListId="8c84fa94-04c1-424b-9868-57a2d4851a1d" />
    <TestEntry testId="76f5d4e5-da83-67e0-22d7-438f07f5e637" executionId="ea4edd2b-bae3-4344-9fc4-ef43fe9d285a" testListId="8c84fa94-04c1-424b-9868-57a2d4851a1d" />
    <TestEntry testId="76f5d4e5-da83-67e0-22d7-438f07f5e637" executionId="87fa631a-28c5-4e19-a4c5-d788e9a8be3a" testListId="8c84fa94-04c1-424b-9868-57a2d4851a1d" />
    <TestEntry testId="efc8d863-29fd-7110-8abe-33440aad1c80" executionId="e555a702-dafa-4543-90bd-5fb0130955d3" testListId="8c84fa94-04c1-424b-9868-57a2d4851a1d" />
    <TestEntry testId="76f5d4e5-da83-67e0-22d7-438f07f5e637" executionId="d41d84bb-b8a0-44cb-a6a6-852d37826d5f" testListId="8c84fa94-04c1-424b-9868-57a2d4851a1d" />
    <TestEntry testId="efc8d863-29fd-7110-8abe-33440aad1c80" executionId="1d25ba37-5542-4509-a71e-f40e59a1c44d" testListId="8c84fa94-04c1-424b-9868-57a2d4851a1d" />
    <TestEntry testId="72f32c27-98cb-c69e-3166-0cc4c145cb0c" executionId="6851446d-82c7-435b-996b-ef6891469b8e" testListId="8c84fa94-04c1-424b-9868-57a2d4851a1d" />
    <TestEntry testId="7124069c-4216-6c7a-6631-cac658853dff" executionId="6d1130d3-e595-402e-93df-c1bfda8e1125" testListId="8c84fa94-04c1-424b-9868-57a2d4851a1d" />
    <TestEntry testId="8732fa65-7b82-ef37-9c46-1e0ba2a3cf0b" executionId="0f54f894-298c-44f3-aa8e-a97f522f5b0f" testListId="8c84fa94-04c1-424b-9868-57a2d4851a1d" />
    <TestEntry testId="72f32c27-98cb-c69e-3166-0cc4c145cb0c" executionId="3ff5b0f5-3947-4fbf-be9d-0e929c0e0a1e" testListId="8c84fa94-04c1-424b-9868-57a2d4851a1d" />
    <TestEntry testId="76f5d4e5-da83-67e0-22d7-438f07f5e637" executionId="7b41ed52-b3c1-42e5-b9ec-d90d4f1b0a3a" testListId="8c84fa94-04c1-424b-9868-57a2d4851a1d" />
    <TestEntry testId="8732fa65-7b82-ef37-9c46-1e0ba2a3cf0b" executionId="f37f0ee7-e215-43ce-811d-6eb5e9b5a438" testListId="8c84fa94-04c1-424b-9868-57a2d4851a1d" />
    <TestEntry testId="76f5d4e5-da83-67e0-22d7-438f07f5e637" executionId="48110c6c-b2ab-4f60-8d25-8892ef232e06" testListId="8c84fa94-04c1-424b-9868-57a2d4851a1d" />
    <TestEntry testId="72f32c27-98cb-c69e-3166-0cc4c145cb0c" executionId="33299f11-e60f-48f2-a946-fd8e4504378d" testListId="8c84fa94-04c1-424b-9868-57a2d4851a1d" />
    <TestEntry testId="72f32c27-98cb-c69e-3166-0cc4c145cb0c" executionId="5dc8fb3e-a638-4546-89df-c51e64e7d282" testListId="8c84fa94-04c1-424b-9868-57a2d4851a1d" />
    <TestEntry testId="efc8d863-29fd-7110-8abe-33440aad1c80" executionId="07d17da0-c742-4a6c-bfa2-7be9e599a747" testListId="8c84fa94-04c1-424b-9868-57a2d4851a1d" />
    <TestEntry testId="efc8d863-29fd-7110-8abe-33440aad1c80" executionId="e1afc14d-7102-46f6-9232-137cf536292c" testListId="8c84fa94-04c1-424b-9868-57a2d4851a1d" />
    <TestEntry testId="efc8d863-29fd-7110-8abe-33440aad1c80" executionId="28b53109-5cb8-4700-9883-29ba0f295c72" testListId="8c84fa94-04c1-424b-9868-57a2d4851a1d" />
    <TestEntry testId="efc8d863-29fd-7110-8abe-33440aad1c80" executionId="0c84367e-de07-4b30-bf07-565d7ee1bf65" testListId="8c84fa94-04c1-424b-9868-57a2d4851a1d" />
    <TestEntry testId="72f32c27-98cb-c69e-3166-0cc4c145cb0c" executionId="17452125-ba78-4c26-bff2-693ca2509c2c" testListId="8c84fa94-04c1-424b-9868-57a2d4851a1d" />
    <TestEntry testId="76f5d4e5-da83-67e0-22d7-438f07f5e637" executionId="19b282ff-dd88-4d04-baf8-c9470b1d58f0" testListId="8c84fa94-04c1-424b-9868-57a2d4851a1d" />
    <TestEntry testId="72f32c27-98cb-c69e-3166-0cc4c145cb0c" executionId="3ca770de-fa16-48c0-836a-d670d7bcc0d6" testListId="8c84fa94-04c1-424b-9868-57a2d4851a1d" />
    <TestEntry testId="efc8d863-29fd-7110-8abe-33440aad1c80" executionId="9378139a-e23c-4923-8d23-8c42a2cca276" testListId="8c84fa94-04c1-424b-9868-57a2d4851a1d" />
    <TestEntry testId="76f5d4e5-da83-67e0-22d7-438f07f5e637" executionId="47401af8-527c-4540-b2af-5bc509884454" testListId="8c84fa94-04c1-424b-9868-57a2d4851a1d" />
    <TestEntry testId="72f32c27-98cb-c69e-3166-0cc4c145cb0c" executionId="7c9cbfae-c60a-45ff-8794-8517a0941893" testListId="8c84fa94-04c1-424b-9868-57a2d4851a1d" />
    <TestEntry testId="72f32c27-98cb-c69e-3166-0cc4c145cb0c" executionId="3a18d82e-1f1c-4e93-8ff2-4538580d62a0" testListId="8c84fa94-04c1-424b-9868-57a2d4851a1d" />
    <TestEntry testId="efc8d863-29fd-7110-8abe-33440aad1c80" executionId="759ba79d-765c-4d0c-9ac8-5e3904b5ae2d" testListId="8c84fa94-04c1-424b-9868-57a2d4851a1d" />
    <TestEntry testId="76f5d4e5-da83-67e0-22d7-438f07f5e637" executionId="33e64525-f843-42ab-aede-4d04f806a632" testListId="8c84fa94-04c1-424b-9868-57a2d4851a1d" />
    <TestEntry testId="8732fa65-7b82-ef37-9c46-1e0ba2a3cf0b" executionId="b45acd21-42af-4017-81c2-fd23ae618719" testListId="8c84fa94-04c1-424b-9868-57a2d4851a1d" />
    <TestEntry testId="8732fa65-7b82-ef37-9c46-1e0ba2a3cf0b" executionId="6f493444-1875-4f54-b886-ee7be624d42d" testListId="8c84fa94-04c1-424b-9868-57a2d4851a1d" />
    <TestEntry testId="76f5d4e5-da83-67e0-22d7-438f07f5e637" executionId="26a1291e-1dc6-4b89-b198-39ea76d01c17" testListId="8c84fa94-04c1-424b-9868-57a2d4851a1d" />
    <TestEntry testId="7124069c-4216-6c7a-6631-cac658853dff" executionId="d915a0f1-8675-43a5-8e24-f2b9512976c8" testListId="8c84fa94-04c1-424b-9868-57a2d4851a1d" />
    <TestEntry testId="76f5d4e5-da83-67e0-22d7-438f07f5e637" executionId="8841c14f-9f20-47d6-81f5-ed1b53619164" testListId="8c84fa94-04c1-424b-9868-57a2d4851a1d" />
    <TestEntry testId="7124069c-4216-6c7a-6631-cac658853dff" executionId="340a98a3-8e84-48db-9bb5-fb857072f250" testListId="8c84fa94-04c1-424b-9868-57a2d4851a1d" />
    <TestEntry testId="8732fa65-7b82-ef37-9c46-1e0ba2a3cf0b" executionId="902091d8-8621-4f99-8073-85c76df9c1ff" testListId="8c84fa94-04c1-424b-9868-57a2d4851a1d" />
    <TestEntry testId="7124069c-4216-6c7a-6631-cac658853dff" executionId="2c760669-5929-4e49-95e6-a5ce672cf2c8" testListId="8c84fa94-04c1-424b-9868-57a2d4851a1d" />
    <TestEntry testId="efc8d863-29fd-7110-8abe-33440aad1c80" executionId="1a306f27-ac0f-42c2-a412-48dedd106472" testListId="8c84fa94-04c1-424b-9868-57a2d4851a1d" />
    <TestEntry testId="72f32c27-98cb-c69e-3166-0cc4c145cb0c" executionId="b1883c50-817f-45c5-9c8f-db119a621fca" testListId="8c84fa94-04c1-424b-9868-57a2d4851a1d" />
    <TestEntry testId="7124069c-4216-6c7a-6631-cac658853dff" executionId="ef408ab5-d3f0-4d45-9d07-44358c8a9ae5" testListId="8c84fa94-04c1-424b-9868-57a2d4851a1d" />
    <TestEntry testId="7124069c-4216-6c7a-6631-cac658853dff" executionId="671a2b86-72b0-46e2-a3c7-1d6ee9f8c0ed" testListId="8c84fa94-04c1-424b-9868-57a2d4851a1d" />
    <TestEntry testId="76f5d4e5-da83-67e0-22d7-438f07f5e637" executionId="b2aedea9-0875-4762-806e-cab068102806" testListId="8c84fa94-04c1-424b-9868-57a2d4851a1d" />
    <TestEntry testId="7124069c-4216-6c7a-6631-cac658853dff" executionId="ecc7de3b-629c-489c-941d-e9c94c521d1e" testListId="8c84fa94-04c1-424b-9868-57a2d4851a1d" />
    <TestEntry testId="76f5d4e5-da83-67e0-22d7-438f07f5e637" executionId="c2b25fd1-dcb4-4efb-b611-70d2e2c0d01c" testListId="8c84fa94-04c1-424b-9868-57a2d4851a1d" />
    <TestEntry testId="efc8d863-29fd-7110-8abe-33440aad1c80" executionId="6b20d51e-5bd6-42c0-8a58-349c7489ce5f" testListId="8c84fa94-04c1-424b-9868-57a2d4851a1d" />
    <TestEntry testId="72f32c27-98cb-c69e-3166-0cc4c145cb0c" executionId="4f8df066-cc47-4ff2-a120-be02a5e6c1e3" testListId="8c84fa94-04c1-424b-9868-57a2d4851a1d" />
    <TestEntry testId="7124069c-4216-6c7a-6631-cac658853dff" executionId="cab3ab03-05e4-4de2-9150-a89ff4e4481e" testListId="8c84fa94-04c1-424b-9868-57a2d4851a1d" />
    <TestEntry testId="72f32c27-98cb-c69e-3166-0cc4c145cb0c" executionId="49141a9a-6f54-45ff-a24c-e4b66f7cd285" testListId="8c84fa94-04c1-424b-9868-57a2d4851a1d" />
    <TestEntry testId="7124069c-4216-6c7a-6631-cac658853dff" executionId="1ffec43d-3cc0-489e-826a-cdaf62b38614" testListId="8c84fa94-04c1-424b-9868-57a2d4851a1d" />
    <TestEntry testId="8732fa65-7b82-ef37-9c46-1e0ba2a3cf0b" executionId="cd14c075-d108-4cb9-aa68-25e445dc5fe1" testListId="8c84fa94-04c1-424b-9868-57a2d4851a1d" />
    <TestEntry testId="72f32c27-98cb-c69e-3166-0cc4c145cb0c" executionId="60e7747b-d778-4df6-8329-d31efd1ec94e" testListId="8c84fa94-04c1-424b-9868-57a2d4851a1d" />
    <TestEntry testId="8732fa65-7b82-ef37-9c46-1e0ba2a3cf0b" executionId="ee31839f-9407-4763-a796-85499e5634a0" testListId="8c84fa94-04c1-424b-9868-57a2d4851a1d" />
    <TestEntry testId="7124069c-4216-6c7a-6631-cac658853dff" executionId="fa058cf9-69e6-4f06-a96d-02a5f44f17c8" testListId="8c84fa94-04c1-424b-9868-57a2d4851a1d" />
    <TestEntry testId="efc8d863-29fd-7110-8abe-33440aad1c80" executionId="9f7fe264-7420-430b-b8cf-0420a96f4f54" testListId="8c84fa94-04c1-424b-9868-57a2d4851a1d" />
    <TestEntry testId="76f5d4e5-da83-67e0-22d7-438f07f5e637" executionId="e3b0c0db-83e8-4b4c-8554-af8b777bfa49" testListId="8c84fa94-04c1-424b-9868-57a2d4851a1d" />
    <TestEntry testId="8732fa65-7b82-ef37-9c46-1e0ba2a3cf0b" executionId="4776b421-001c-4eed-92ae-f602d6c6a6d3" testListId="8c84fa94-04c1-424b-9868-57a2d4851a1d" />
    <TestEntry testId="72f32c27-98cb-c69e-3166-0cc4c145cb0c" executionId="c1bf7e36-f6eb-4fea-a844-fd120d4e59fe" testListId="8c84fa94-04c1-424b-9868-57a2d4851a1d" />
    <TestEntry testId="72f32c27-98cb-c69e-3166-0cc4c145cb0c" executionId="e8a11fa2-c333-48d3-8c22-39f6c7ea1922" testListId="8c84fa94-04c1-424b-9868-57a2d4851a1d" />
    <TestEntry testId="8732fa65-7b82-ef37-9c46-1e0ba2a3cf0b" executionId="a13dc7f9-e330-4323-adb8-24ab4ac64529" testListId="8c84fa94-04c1-424b-9868-57a2d4851a1d" />
    <TestEntry testId="efc8d863-29fd-7110-8abe-33440aad1c80" executionId="4d71d437-0d0c-4fdb-ad96-a3cd8373fa5f" testListId="8c84fa94-04c1-424b-9868-57a2d4851a1d" />
    <TestEntry testId="8732fa65-7b82-ef37-9c46-1e0ba2a3cf0b" executionId="662ee880-d308-468f-bc7a-9fd17676c740" testListId="8c84fa94-04c1-424b-9868-57a2d4851a1d" />
    <TestEntry testId="8732fa65-7b82-ef37-9c46-1e0ba2a3cf0b" executionId="642f12f4-e997-4d22-b4eb-c79178d6b3a4" testListId="8c84fa94-04c1-424b-9868-57a2d4851a1d" />
    <TestEntry testId="7124069c-4216-6c7a-6631-cac658853dff" executionId="d5231075-1729-44a2-a2d0-4ada643cebde" testListId="8c84fa94-04c1-424b-9868-57a2d4851a1d" />
    <TestEntry testId="72f32c27-98cb-c69e-3166-0cc4c145cb0c" executionId="41832f64-0b12-41cc-9544-9c7a5ad9494d" testListId="8c84fa94-04c1-424b-9868-57a2d4851a1d" />
    <TestEntry testId="8732fa65-7b82-ef37-9c46-1e0ba2a3cf0b" executionId="fb6c39ec-f24d-4e98-811f-77a9ba88688e" testListId="8c84fa94-04c1-424b-9868-57a2d4851a1d" />
    <TestEntry testId="8732fa65-7b82-ef37-9c46-1e0ba2a3cf0b" executionId="fd15d4d5-d18b-4096-a7c7-8c6a25952593" testListId="8c84fa94-04c1-424b-9868-57a2d4851a1d" />
    <TestEntry testId="8732fa65-7b82-ef37-9c46-1e0ba2a3cf0b" executionId="df8d7ea7-ca18-4d55-b26e-befb1a909b89" testListId="8c84fa94-04c1-424b-9868-57a2d4851a1d" />
    <TestEntry testId="efc8d863-29fd-7110-8abe-33440aad1c80" executionId="b2582700-6a07-4fde-81ab-c5ba8cd2ab9a" testListId="8c84fa94-04c1-424b-9868-57a2d4851a1d" />
    <TestEntry testId="efc8d863-29fd-7110-8abe-33440aad1c80" executionId="7ce64e74-3b59-4508-a5ca-01c2e8cb5289" testListId="8c84fa94-04c1-424b-9868-57a2d4851a1d" />
    <TestEntry testId="efc8d863-29fd-7110-8abe-33440aad1c80" executionId="7dff7204-3514-4c98-9c48-b679b1572e78" testListId="8c84fa94-04c1-424b-9868-57a2d4851a1d" />
    <TestEntry testId="7124069c-4216-6c7a-6631-cac658853dff" executionId="21ac9535-ccbd-48d7-928f-d2483cb57012" testListId="8c84fa94-04c1-424b-9868-57a2d4851a1d" />
    <TestEntry testId="76f5d4e5-da83-67e0-22d7-438f07f5e637" executionId="8d5f978f-a2f3-4c8b-b2fd-a47b893e35cd" testListId="8c84fa94-04c1-424b-9868-57a2d4851a1d" />
    <TestEntry testId="efc8d863-29fd-7110-8abe-33440aad1c80" executionId="2c2a2d9d-8cfa-4834-8ec6-dab3071280a2" testListId="8c84fa94-04c1-424b-9868-57a2d4851a1d" />
    <TestEntry testId="72f32c27-98cb-c69e-3166-0cc4c145cb0c" executionId="a6e94c4c-8aab-45e9-9d07-11f45c90903b" testListId="8c84fa94-04c1-424b-9868-57a2d4851a1d" />
  </TestEntries>
  <TestLists>
    <TestList name="Resultados que não estão em uma lista" id="8c84fa94-04c1-424b-9868-57a2d4851a1d" />
    <TestList name="Todos os resultados carregados" id="19431567-8539-422a-85d7-44ee4e166bda" />
  </TestLists>
  <ResultSummary outcome="Completed">
    <Counters total="185" executed="185" passed="185" failed="0" error="0" timeout="0" aborted="0" inconclusive="0" passedButRunAborted="0" notRunnable="0" notExecuted="0" disconnected="0" warning="0" completed="0" inProgress="0" pending="0" />
    <Output>
      <StdOut>[xUnit.net 00:00:00.00] xUnit.net VSTest Adapter v2.4.5+1caef2f33e (64-bit .NET 7.0.4)&#xD;
[xUnit.net 00:00:00.44]   Discovering: CarrinhoDeCompra&#xD;
[xUnit.net 00:00:00.48]   Discovered:  CarrinhoDeCompra&#xD;
[xUnit.net 00:00:00.48]   Starting:    CarrinhoDeCompra&#xD;
[xUnit.net 00:00:00.59]   Finished:    CarrinhoDeCompra&#xD;
</StdOut>
    </Output>
  </ResultSummary>
</TestRun>